2016-05-10 16:56:46,505 [8] Orchard.Exceptions.DefaultExceptionPolicy - Default - An unexpected exception was caught [http://localhost:30323/Admin/Contents/Create/CarouselSlide]
System.Reflection.TargetInvocationException: Exception has been thrown by the target of an invocation. ---> System.Reflection.TargetInvocationException: Exception has been thrown by the target of an invocation. ---> System.Web.HttpCompileException: c:\Projects\HotTravel\src\Orchard.Web\Modules\HotTravel.Carousel\Views\EditorTemplates\Parts\CarouselSlide.cshtml(8): error CS0029: Cannot implicitly convert type 'string' to 'bool'
   at System.Web.Compilation.AssemblyBuilder.Compile()
   at System.Web.Compilation.BuildProvidersCompiler.PerformBuild()
   at System.Web.Compilation.BuildManager.CompileWebFile(VirtualPath virtualPath)
   at System.Web.Compilation.BuildManager.GetVPathBuildResultInternal(VirtualPath virtualPath, Boolean noBuild, Boolean allowCrossApp, Boolean allowBuildInPrecompile, Boolean throwIfNotFound, Boolean ensureIsUpToDate)
   at System.Web.Compilation.BuildManager.GetVPathBuildResultWithNoAssert(HttpContext context, VirtualPath virtualPath, Boolean noBuild, Boolean allowCrossApp, Boolean allowBuildInPrecompile, Boolean throwIfNotFound, Boolean ensureIsUpToDate)
   at System.Web.Compilation.BuildManager.GetVirtualPathObjectFactory(VirtualPath virtualPath, HttpContext context, Boolean allowCrossApp, Boolean throwIfNotFound)
   at System.Web.Compilation.BuildManager.GetCompiledType(VirtualPath virtualPath)
   at System.Web.Compilation.BuildManager.GetCompiledType(String virtualPath)
   at System.Web.Mvc.BuildManagerWrapper.System.Web.Mvc.IBuildManager.GetCompiledType(String virtualPath)
   at System.Web.Mvc.BuildManagerCompiledView.Render(ViewContext viewContext, TextWriter writer)
   at System.Web.Mvc.HtmlHelper.RenderPartialInternal(String partialViewName, ViewDataDictionary viewData, Object model, TextWriter writer, ViewEngineCollection viewEngineCollection)
   at System.Web.Mvc.Html.RenderPartialExtensions.RenderPartial(HtmlHelper htmlHelper, String partialViewName)
   at Orchard.Core.Shapes.CoreShapes.RenderInternal(HtmlHelper Html, TextWriter Output, String TemplateName, Object Model, String Prefix) in C:\Projects\HotTravel_backup\src\Orchard.Web\Core\Shapes\CoreShapes.cs:line 821
   at Orchard.Core.Shapes.CoreShapes.EditorTemplate(HtmlHelper Html, TextWriter Output, String TemplateName, Object Model, String Prefix) in C:\Projects\HotTravel_backup\src\Orchard.Web\Core\Shapes\CoreShapes.cs:line 804
   --- End of inner exception stack trace ---
   at System.RuntimeMethodHandle.InvokeMethod(Object target, Object[] arguments, Signature sig, Boolean constructor)
   at System.Reflection.RuntimeMethodInfo.UnsafeInvokeInternal(Object obj, Object[] parameters, Object[] arguments)
   at System.Reflection.RuntimeMethodInfo.Invoke(Object obj, BindingFlags invokeAttr, Binder binder, Object[] parameters, CultureInfo culture)
   at System.Reflection.MethodBase.Invoke(Object obj, Object[] parameters)
   at Orchard.DisplayManagement.Descriptors.ShapeAttributeStrategy.ShapeAttributeBindingStrategy.PerformInvoke(DisplayContext displayContext, MethodInfo methodInfo, Object serviceInstance) in C:\Projects\HotTravel_backup\src\Orchard\DisplayManagement\Descriptors\ShapeAttributeStrategy\ShapeAttributeBindingStrategy.cs:line 64
   at Orchard.DisplayManagement.Descriptors.ShapeAttributeStrategy.ShapeAttributeBindingStrategy.<>c__DisplayClass5_0.<CreateDelegate>b__0(DisplayContext context) in C:\Projects\HotTravel_backup\src\Orchard\DisplayManagement\Descriptors\ShapeAttributeStrategy\ShapeAttributeBindingStrategy.cs:line 55
   at Orchard.DisplayManagement.Descriptors.ShapeAlterationBuilder.<>c__DisplayClass7_1.<BoundAs>b__1(DisplayContext displayContext) in C:\Projects\HotTravel_backup\src\Orchard\DisplayManagement\Descriptors\ShapeAlterationBuilder.cs:line 56
   at Orchard.DisplayManagement.Implementation.DefaultDisplayManager.Process(ShapeBinding shapeBinding, IShape shape, DisplayContext context) in C:\Projects\HotTravel_backup\src\Orchard\DisplayManagement\Implementation\DefaultDisplayManager.cs:line 203
   at Orchard.DisplayManagement.Implementation.DefaultDisplayManager.Execute(DisplayContext context) in C:\Projects\HotTravel_backup\src\Orchard\DisplayManagement\Implementation\DefaultDisplayManager.cs:line 99
   at Orchard.DisplayManagement.Implementation.DisplayHelper.ShapeExecute(Object shape) in C:\Projects\HotTravel_backup\src\Orchard\DisplayManagement\Implementation\DisplayHelper.cs:line 86
   at Orchard.DisplayManagement.Implementation.DisplayHelper.Invoke(String name, INamedEnumerable`1 parameters) in C:\Projects\HotTravel_backup\src\Orchard\DisplayManagement\Implementation\DisplayHelper.cs:line 44
   at Orchard.DisplayManagement.Implementation.DisplayHelper.TryInvoke(InvokeBinder binder, Object[] args, Object& result) in C:\Projects\HotTravel_backup\src\Orchard\DisplayManagement\Implementation\DisplayHelper.cs:line 29
   at CallSite.Target(Closure , CallSite , Object , Object )
   at Orchard.Core.Shapes.CoreShapes.ContentZone(Object Display, Object Shape, TextWriter Output) in C:\Projects\HotTravel_backup\src\Orchard.Web\Core\Shapes\CoreShapes.cs:line 303
   --- End of inner exception stack trace ---
   at System.RuntimeMethodHandle.InvokeMethod(Object target, Object[] arguments, Signature sig, Boolean constructor)
   at System.Reflection.RuntimeMethodInfo.UnsafeInvokeInternal(Object obj, Object[] parameters, Object[] arguments)
   at System.Reflection.RuntimeMethodInfo.Invoke(Object obj, BindingFlags invokeAttr, Binder binder, Object[] parameters, CultureInfo culture)
   at System.Reflection.MethodBase.Invoke(Object obj, Object[] parameters)
   at Orchard.DisplayManagement.Descriptors.ShapeAttributeStrategy.ShapeAttributeBindingStrategy.PerformInvoke(DisplayContext displayContext, MethodInfo methodInfo, Object serviceInstance) in C:\Projects\HotTravel_backup\src\Orchard\DisplayManagement\Descriptors\ShapeAttributeStrategy\ShapeAttributeBindingStrategy.cs:line 64
   at Orchard.DisplayManagement.Descriptors.ShapeAttributeStrategy.ShapeAttributeBindingStrategy.<>c__DisplayClass5_0.<CreateDelegate>b__0(DisplayContext context) in C:\Projects\HotTravel_backup\src\Orchard\DisplayManagement\Descriptors\ShapeAttributeStrategy\ShapeAttributeBindingStrategy.cs:line 55
   at Orchard.DisplayManagement.Descriptors.ShapeAlterationBuilder.<>c__DisplayClass7_1.<BoundAs>b__1(DisplayContext displayContext) in C:\Projects\HotTravel_backup\src\Orchard\DisplayManagement\Descriptors\ShapeAlterationBuilder.cs:line 56
   at Orchard.DisplayManagement.Implementation.DefaultDisplayManager.Process(ShapeBinding shapeBinding, IShape shape, DisplayContext context) in C:\Projects\HotTravel_backup\src\Orchard\DisplayManagement\Implementation\DefaultDisplayManager.cs:line 203
   at Orchard.DisplayManagement.Implementation.DefaultDisplayManager.Execute(DisplayContext context) in C:\Projects\HotTravel_backup\src\Orchard\DisplayManagement\Implementation\DefaultDisplayManager.cs:line 99
   at Orchard.DisplayManagement.Implementation.DisplayHelper.ShapeExecute(Object shape) in C:\Projects\HotTravel_backup\src\Orchard\DisplayManagement\Implementation\DisplayHelper.cs:line 86
   at Orchard.DisplayManagement.Implementation.DisplayHelper.Invoke(String name, INamedEnumerable`1 parameters) in C:\Projects\HotTravel_backup\src\Orchard\DisplayManagement\Implementation\DisplayHelper.cs:line 44
   at Orchard.DisplayManagement.Implementation.DisplayHelper.TryInvoke(InvokeBinder binder, Object[] args, Object& result) in C:\Projects\HotTravel_backup\src\Orchard\DisplayManagement\Implementation\DisplayHelper.cs:line 29
   at CallSite.Target(Closure , CallSite , Object , Object )
   at System.Dynamic.UpdateDelegates.UpdateAndExecute2[T0,T1,TRet](CallSite site, T0 arg0, T1 arg1)
   at ASP._Page_Core_Contents_Views_Content_Edit_cshtml.Execute() in c:\Projects\HotTravel\src\Orchard.Web\Core\Contents\Views\Content.Edit.cshtml:line 10
   at System.Web.WebPages.WebPageBase.ExecutePageHierarchy()
   at System.Web.Mvc.WebViewPage.ExecutePageHierarchy()
   at System.Web.WebPages.WebPageBase.ExecutePageHierarchy(WebPageContext pageContext, TextWriter writer, WebPageRenderingBase startPage)
   at System.Web.Mvc.RazorView.RenderView(ViewContext viewContext, TextWriter writer, Object instance)
   at System.Web.Mvc.BuildManagerCompiledView.Render(ViewContext viewContext, TextWriter writer)
   at System.Web.Mvc.HtmlHelper.RenderPartialInternal(String partialViewName, ViewDataDictionary viewData, Object model, TextWriter writer, ViewEngineCollection viewEngineCollection)
   at System.Web.Mvc.Html.PartialExtensions.Partial(HtmlHelper htmlHelper, String partialViewName, Object model, ViewDataDictionary viewData)
   at System.Web.Mvc.Html.PartialExtensions.Partial(HtmlHelper htmlHelper, String partialViewName, Object model)
   at Orchard.DisplayManagement.Descriptors.ShapeTemplateStrategy.ShapeTemplateBindingStrategy.Render(ShapeDescriptor shapeDescriptor, DisplayContext displayContext, HarvestShapeInfo harvestShapeInfo, HarvestShapeHit harvestShapeHit) in C:\Projects\HotTravel_backup\src\Orchard\DisplayManagement\Descriptors\ShapeTemplateStrategy\ShapeTemplateBindingStrategy.cs:line 151
   at Orchard.DisplayManagement.Descriptors.ShapeTemplateStrategy.ShapeTemplateBindingStrategy.<>c__DisplayClass20_7.<Discover>b__14(DisplayContext displayContext) in C:\Projects\HotTravel_backup\src\Orchard\DisplayManagement\Descriptors\ShapeTemplateStrategy\ShapeTemplateBindingStrategy.cs:line 133
   at Orchard.DisplayManagement.Descriptors.ShapeAlterationBuilder.<>c__DisplayClass7_1.<BoundAs>b__1(DisplayContext displayContext) in C:\Projects\HotTravel_backup\src\Orchard\DisplayManagement\Descriptors\ShapeAlterationBuilder.cs:line 56
   at Orchard.DisplayManagement.Implementation.DefaultDisplayManager.Process(ShapeBinding shapeBinding, IShape shape, DisplayContext context) in C:\Projects\HotTravel_backup\src\Orchard\DisplayManagement\Implementation\DefaultDisplayManager.cs:line 203
   at Orchard.DisplayManagement.Implementation.DefaultDisplayManager.Execute(DisplayContext context) in C:\Projects\HotTravel_backup\src\Orchard\DisplayManagement\Implementation\DefaultDisplayManager.cs:line 99
   at Orchard.DisplayManagement.Implementation.DisplayHelper.ShapeExecute(Object shape) in C:\Projects\HotTravel_backup\src\Orchard\DisplayManagement\Implementation\DisplayHelper.cs:line 86
   at Orchard.DisplayManagement.Implementation.DisplayHelper.Invoke(String name, INamedEnumerable`1 parameters) in C:\Projects\HotTravel_backup\src\Orchard\DisplayManagement\Implementation\DisplayHelper.cs:line 44
   at Orchard.DisplayManagement.Implementation.DisplayHelper.TryInvoke(InvokeBinder binder, Object[] args, Object& result) in C:\Projects\HotTravel_backup\src\Orchard\DisplayManagement\Implementation\DisplayHelper.cs:line 29
   at CallSite.Target(Closure , CallSite , Object , Object )
   at System.Dynamic.UpdateDelegates.UpdateAndExecute2[T0,T1,TRet](CallSite site, T0 arg0, T1 arg1)
   at ASP._Page_Core_Contents_Views_admin_Create_cshtml.Execute() in c:\Projects\HotTravel\src\Orchard.Web\Core\Contents\Views\Admin\Create.cshtml:line 14
   at System.Web.WebPages.WebPageBase.ExecutePageHierarchy()
   at System.Web.Mvc.WebViewPage.ExecutePageHierarchy()
   at System.Web.WebPages.WebPageBase.ExecutePageHierarchy(WebPageContext pageContext, TextWriter writer, WebPageRenderingBase startPage)
   at System.Web.Mvc.RazorView.RenderView(ViewContext viewContext, TextWriter writer, Object instance)
   at System.Web.Mvc.BuildManagerCompiledView.Render(ViewContext viewContext, TextWriter writer)
   at Orchard.Mvc.ViewEngines.ThemeAwareness.LayoutAwareViewEngine.<>c__DisplayClass9_0.<FindView>b__0(ViewContext viewContext, TextWriter writer, IViewDataContainer viewDataContainer) in C:\Projects\HotTravel_backup\src\Orchard\Mvc\ViewEngines\ThemeAwareness\LayoutAwareViewEngine.cs:line 59
   at Orchard.Mvc.ViewEngines.ThemeAwareness.LayoutAwareViewEngine.LayoutView.Render(ViewContext viewContext, TextWriter writer) in C:\Projects\HotTravel_backup\src\Orchard\Mvc\ViewEngines\ThemeAwareness\LayoutAwareViewEngine.cs:line 90
   at System.Web.Mvc.ViewResultBase.ExecuteResult(ControllerContext context)
   at System.Web.Mvc.ControllerActionInvoker.InvokeActionResult(ControllerContext controllerContext, ActionResult actionResult)
   at System.Web.Mvc.ControllerActionInvoker.InvokeActionResultFilterRecursive(IList`1 filters, Int32 filterIndex, ResultExecutingContext preContext, ControllerContext controllerContext, ActionResult actionResult)
   at System.Web.Mvc.ControllerActionInvoker.InvokeActionResultFilterRecursive(IList`1 filters, Int32 filterIndex, ResultExecutingContext preContext, ControllerContext controllerContext, ActionResult actionResult)
   at System.Web.Mvc.ControllerActionInvoker.InvokeActionResultFilterRecursive(IList`1 filters, Int32 filterIndex, ResultExecutingContext preContext, ControllerContext controllerContext, ActionResult actionResult)
   at System.Web.Mvc.ControllerActionInvoker.InvokeActionResultFilterRecursive(IList`1 filters, Int32 filterIndex, ResultExecutingContext preContext, ControllerContext controllerContext, ActionResult actionResult)
   at System.Web.Mvc.ControllerActionInvoker.InvokeActionResultFilterRecursive(IList`1 filters, Int32 filterIndex, ResultExecutingContext preContext, ControllerContext controllerContext, ActionResult actionResult)
   at System.Web.Mvc.ControllerActionInvoker.InvokeActionResultFilterRecursive(IList`1 filters, Int32 filterIndex, ResultExecutingContext preContext, ControllerContext controllerContext, ActionResult actionResult)
   at System.Web.Mvc.ControllerActionInvoker.InvokeActionResultFilterRecursive(IList`1 filters, Int32 filterIndex, ResultExecutingContext preContext, ControllerContext controllerContext, ActionResult actionResult)
   at System.Web.Mvc.ControllerActionInvoker.InvokeActionResultFilterRecursive(IList`1 filters, Int32 filterIndex, ResultExecutingContext preContext, ControllerContext controllerContext, ActionResult actionResult)
