2016-04-29 09:01:27,436 [26] NHibernate.Event.Default.AbstractFlushingEventListener - (null) - ERROR Could not synchronize database state with session
NHibernate.Exceptions.GenericADOException: could not insert: [HotTravel.FeaturedDestinationGroup.Models.FeaturedDestinationGroupPartRecord#21][SQL: INSERT INTO HotTravel_FeaturedDestination_FeaturedDestinationGroupPartRecord (Title, LinkedPage, Id) VALUES (?, ?, ?)] ---> System.Data.SqlServerCe.SqlCeException: The specified table does not exist. [ HotTravel_FeaturedDestination_FeaturedDestinationGroupPartRecord ]
   at System.Data.SqlServerCe.SqlCeCommand.ProcessResults(Int32 hr)
   at System.Data.SqlServerCe.SqlCeCommand.CompileQueryPlan()
   at System.Data.SqlServerCe.SqlCeCommand.ExecuteCommand(CommandBehavior behavior, String method, ResultSetOptions options)
   at System.Data.SqlServerCe.SqlCeCommand.ExecuteNonQuery()
   at NHibernate.AdoNet.AbstractBatcher.ExecuteNonQuery(IDbCommand cmd)
   at NHibernate.AdoNet.NonBatchingBatcher.AddToBatch(IExpectation expectation)
   at NHibernate.Persister.Entity.AbstractEntityPersister.Insert(Object id, Object[] fields, Boolean[] notNull, Int32 j, SqlCommandInfo sql, Object obj, ISessionImplementor session)
   --- End of inner exception stack trace ---
   at NHibernate.Persister.Entity.AbstractEntityPersister.Insert(Object id, Object[] fields, Boolean[] notNull, Int32 j, SqlCommandInfo sql, Object obj, ISessionImplementor session)
   at NHibernate.Persister.Entity.AbstractEntityPersister.Insert(Object id, Object[] fields, Object obj, ISessionImplementor session)
   at NHibernate.Action.EntityInsertAction.Execute()
   at NHibernate.Engine.ActionQueue.Execute(IExecutable executable)
   at NHibernate.Engine.ActionQueue.ExecuteActions(IList list)
   at NHibernate.Engine.ActionQueue.ExecuteActions()
   at NHibernate.Event.Default.AbstractFlushingEventListener.PerformExecutions(IEventSource session)
2016-04-29 09:01:27,478 [26] Orchard.ContentManagement.Drivers.Coordinators.ContentFieldDriverCoordinator - Default - ERROR GenericADOException thrown from IContentFieldDriver by Orchard.ContentPicker.Drivers.ContentPickerFieldDriver
NHibernate.Exceptions.GenericADOException: could not insert: [HotTravel.FeaturedDestinationGroup.Models.FeaturedDestinationGroupPartRecord#21][SQL: INSERT INTO HotTravel_FeaturedDestination_FeaturedDestinationGroupPartRecord (Title, LinkedPage, Id) VALUES (?, ?, ?)] ---> System.Data.SqlServerCe.SqlCeException: The specified table does not exist. [ HotTravel_FeaturedDestination_FeaturedDestinationGroupPartRecord ]
   at System.Data.SqlServerCe.SqlCeCommand.ProcessResults(Int32 hr)
   at System.Data.SqlServerCe.SqlCeCommand.CompileQueryPlan()
   at System.Data.SqlServerCe.SqlCeCommand.ExecuteCommand(CommandBehavior behavior, String method, ResultSetOptions options)
   at System.Data.SqlServerCe.SqlCeCommand.ExecuteNonQuery()
   at NHibernate.AdoNet.AbstractBatcher.ExecuteNonQuery(IDbCommand cmd)
   at NHibernate.AdoNet.NonBatchingBatcher.AddToBatch(IExpectation expectation)
   at NHibernate.Persister.Entity.AbstractEntityPersister.Insert(Object id, Object[] fields, Boolean[] notNull, Int32 j, SqlCommandInfo sql, Object obj, ISessionImplementor session)
   --- End of inner exception stack trace ---
   at NHibernate.Persister.Entity.AbstractEntityPersister.Insert(Object id, Object[] fields, Boolean[] notNull, Int32 j, SqlCommandInfo sql, Object obj, ISessionImplementor session)
   at NHibernate.Persister.Entity.AbstractEntityPersister.Insert(Object id, Object[] fields, Object obj, ISessionImplementor session)
   at NHibernate.Action.EntityInsertAction.Execute()
   at NHibernate.Engine.ActionQueue.Execute(IExecutable executable)
   at NHibernate.Engine.ActionQueue.ExecuteActions(IList list)
   at NHibernate.Engine.ActionQueue.ExecuteActions()
   at NHibernate.Event.Default.AbstractFlushingEventListener.PerformExecutions(IEventSource session)
   at NHibernate.Event.Default.DefaultAutoFlushEventListener.OnAutoFlush(AutoFlushEvent event)
   at NHibernate.Impl.SessionImpl.AutoFlushIfRequired(ISet`1 querySpaces)
   at NHibernate.Impl.SessionImpl.List(CriteriaImpl criteria, IList results)
   at NHibernate.Impl.CriteriaImpl.List(IList results)
   at NHibernate.Impl.CriteriaImpl.List[T]()
   at Orchard.ContentManagement.DefaultContentManager.GetManyImplementation(QueryHints hints, Action`2 predicate) in C:\Projects\HotTravel\src\Orchard\ContentManagement\DefaultContentManager.cs:line 367
   at Orchard.ContentManagement.DefaultContentManager.GetMany[T](IEnumerable`1 ids, VersionOptions options, QueryHints hints) in C:\Projects\HotTravel\src\Orchard\ContentManagement\DefaultContentManager.cs:line 284
   at Orchard.ContentPicker.Drivers.ContentPickerFieldDriver.<>c__DisplayClass9_0.<Editor>b__0()
   at Orchard.ContentManagement.Drivers.ContentFieldDriver`1.<>c__DisplayClass28_0.<ContentShape>b__0(BuildShapeContext ctx) in C:\Projects\HotTravel\src\Orchard\ContentManagement\Drivers\ContentFieldDriver.cs:line 137
   at Orchard.ContentManagement.Drivers.ContentFieldDriver`1.<>c__DisplayClass31_0.<ContentShapeImplementation>b__0(BuildShapeContext ctx) in C:\Projects\HotTravel\src\Orchard\ContentManagement\Drivers\ContentFieldDriver.cs:line 149
   at Orchard.ContentManagement.Drivers.ContentShapeResult.ApplyImplementation(BuildShapeContext context, String displayType) in C:\Projects\HotTravel\src\Orchard\ContentManagement\Drivers\ContentShapeResult.cs:line 47
   at Orchard.ContentManagement.Drivers.ContentShapeResult.Apply(BuildEditorContext context) in C:\Projects\HotTravel\src\Orchard\ContentManagement\Drivers\ContentShapeResult.cs:line 27
   at Orchard.ContentManagement.Drivers.CombinedResult.Apply(BuildEditorContext context) in C:\Projects\HotTravel\src\Orchard\ContentManagement\Drivers\CombinedResult.cs:line 47
   at Orchard.ContentManagement.Drivers.Coordinators.ContentFieldDriverCoordinator.<>c__DisplayClass12_0.<UpdateEditor>b__0(IContentFieldDriver driver) in C:\Projects\HotTravel\src\Orchard\ContentManagement\Drivers\Coordinators\ContentFieldDriverCoordinator.cs:line 74
   at Orchard.InvokeExtensions.Invoke[TEvents](IEnumerable`1 events, Action`1 dispatch, ILogger logger) in C:\Projects\HotTravel\src\Orchard\InvokeExtensions.cs:line 17
2016-04-29 09:01:27,548 [26] Orchard.Exceptions.DefaultExceptionPolicy - Default - ERROR An unexpected exception was caught
NHibernate.Exceptions.GenericADOException: could not insert: [HotTravel.FeaturedDestinationGroup.Models.FeaturedDestinationGroupPartRecord#21][SQL: INSERT INTO HotTravel_FeaturedDestination_FeaturedDestinationGroupPartRecord (Title, LinkedPage, Id) VALUES (?, ?, ?)] ---> System.Data.SqlServerCe.SqlCeException: The specified table does not exist. [ HotTravel_FeaturedDestination_FeaturedDestinationGroupPartRecord ]
   at System.Data.SqlServerCe.SqlCeCommand.ProcessResults(Int32 hr)
   at System.Data.SqlServerCe.SqlCeCommand.CompileQueryPlan()
   at System.Data.SqlServerCe.SqlCeCommand.ExecuteCommand(CommandBehavior behavior, String method, ResultSetOptions options)
   at System.Data.SqlServerCe.SqlCeCommand.ExecuteNonQuery()
   at NHibernate.AdoNet.AbstractBatcher.ExecuteNonQuery(IDbCommand cmd)
   at NHibernate.AdoNet.NonBatchingBatcher.AddToBatch(IExpectation expectation)
   at NHibernate.Persister.Entity.AbstractEntityPersister.Insert(Object id, Object[] fields, Boolean[] notNull, Int32 j, SqlCommandInfo sql, Object obj, ISessionImplementor session)
   --- End of inner exception stack trace ---
   at NHibernate.Persister.Entity.AbstractEntityPersister.Insert(Object id, Object[] fields, Boolean[] notNull, Int32 j, SqlCommandInfo sql, Object obj, ISessionImplementor session)
   at NHibernate.Persister.Entity.AbstractEntityPersister.Insert(Object id, Object[] fields, Object obj, ISessionImplementor session)
   at NHibernate.Action.EntityInsertAction.Execute()
   at NHibernate.Engine.ActionQueue.Execute(IExecutable executable)
   at NHibernate.Engine.ActionQueue.ExecuteActions(IList list)
   at NHibernate.Event.Default.AbstractSaveEventListener.PerformSaveOrReplicate(Object entity, EntityKey key, IEntityPersister persister, Boolean useIdentityColumn, Object anything, IEventSource source, Boolean requiresImmediateIdAccess)
   at NHibernate.Event.Default.AbstractSaveEventListener.PerformSave(Object entity, Object id, IEntityPersister persister, Boolean useIdentityColumn, Object anything, IEventSource source, Boolean requiresImmediateIdAccess)
   at NHibernate.Event.Default.AbstractSaveEventListener.SaveWithGeneratedId(Object entity, String entityName, Object anything, IEventSource source, Boolean requiresImmediateIdAccess)
   at NHibernate.Event.Default.DefaultSaveOrUpdateEventListener.SaveWithGeneratedOrRequestedId(SaveOrUpdateEvent event)
   at NHibernate.Event.Default.DefaultSaveOrUpdateEventListener.EntityIsTransient(SaveOrUpdateEvent event)
   at NHibernate.Event.Default.DefaultSaveOrUpdateEventListener.PerformSaveOrUpdate(SaveOrUpdateEvent event)
   at NHibernate.Event.Default.DefaultSaveOrUpdateEventListener.OnSaveOrUpdate(SaveOrUpdateEvent event)
   at NHibernate.Impl.SessionImpl.FireSaveOrUpdate(SaveOrUpdateEvent event)
   at NHibernate.Impl.SessionImpl.SaveOrUpdate(String entityName, Object obj)
   at NHibernate.Engine.CascadingAction.SaveUpdateCascadingAction.Cascade(IEventSource session, Object child, String entityName, Object anything, Boolean isCascadeDeleteEnabled)
   at NHibernate.Engine.Cascade.CascadeToOne(Object parent, Object child, IType type, CascadeStyle style, Object anything, Boolean isCascadeDeleteEnabled)
   at NHibernate.Engine.Cascade.CascadeAssociation(Object parent, Object child, IType type, CascadeStyle style, Object anything, Boolean isCascadeDeleteEnabled)
   at NHibernate.Engine.Cascade.CascadeProperty(Object parent, Object child, IType type, CascadeStyle style, Object anything, Boolean isCascadeDeleteEnabled)
   at NHibernate.Engine.Cascade.CascadeCollectionElements(Object parent, Object child, CollectionType collectionType, CascadeStyle style, IType elemType, Object anything, Boolean isCascadeDeleteEnabled)
   at NHibernate.Engine.Cascade.CascadeCollection(Object parent, Object child, CascadeStyle style, Object anything, CollectionType type)
   at NHibernate.Engine.Cascade.CascadeAssociation(Object parent, Object child, IType type, CascadeStyle style, Object anything, Boolean isCascadeDeleteEnabled)
   at NHibernate.Engine.Cascade.CascadeProperty(Object parent, Object child, IType type, CascadeStyle style, Object anything, Boolean isCascadeDeleteEnabled)
   at NHibernate.Engine.Cascade.CascadeOn(IEntityPersister persister, Object parent, Object anything)
   at NHibernate.Event.Default.AbstractFlushingEventListener.CascadeOnFlush(IEventSource session, IEntityPersister persister, Object key, Object anything)
   at NHibernate.Event.Default.AbstractFlushingEventListener.PrepareEntityFlushes(IEventSource session)
   at NHibernate.Event.Default.AbstractFlushingEventListener.FlushEverythingToExecutions(FlushEvent event)
   at NHibernate.Event.Default.DefaultAutoFlushEventListener.OnAutoFlush(AutoFlushEvent event)
   at NHibernate.Impl.SessionImpl.AutoFlushIfRequired(ISet`1 querySpaces)
   at NHibernate.Impl.SessionImpl.List(IQueryExpression queryExpression, QueryParameters queryParameters, IList results)
   at NHibernate.Impl.AbstractSessionImpl.List(IQueryExpression queryExpression, QueryParameters parameters)
   at NHibernate.Impl.AbstractQueryImpl2.List()
   at NHibernate.Linq.DefaultQueryProvider.ExecuteQuery(NhLinqExpression nhLinqExpression, IQuery query, NhLinqExpression nhQuery)
   at NHibernate.Linq.DefaultQueryProvider.Execute(Expression expression)
   at NHibernate.Linq.DefaultQueryProvider.Execute[TResult](Expression expression)
   at Remotion.Linq.QueryableBase`1.GetEnumerator()
   at System.Collections.Generic.List`1.InsertRange(Int32 index, IEnumerable`1 collection)
   at System.Collections.Generic.List`1.AddRange(IEnumerable`1 collection)
   at Orchard.Workflows.Services.WorkflowManager.TriggerEvent(String name, IContent target, Func`1 tokensContext)
   at Orchard.Events.DelegateHelper.<>c__DisplayClass16_0`4.<BuildAction>b__0(Object target, Object[] p) in C:\Projects\HotTravel\src\Orchard\Events\DelegateHelper.cs:line 128
   at Orchard.Events.DefaultOrchardEventBus.TryInvokeMethod(IEventHandler eventHandler, Type interfaceType, String messageName, String interfaceName, String methodName, IDictionary`2 arguments, IEnumerable& returnValue) in C:\Projects\HotTravel\src\Orchard\Events\DefaultOrchardEventBus.cs:line 84
   at Orchard.Events.DefaultOrchardEventBus.TryInvoke(IEventHandler eventHandler, String messageName, String interfaceName, String methodName, IDictionary`2 arguments, IEnumerable& returnValue) in C:\Projects\HotTravel\src\Orchard\Events\DefaultOrchardEventBus.cs:line 70
   at Orchard.Events.DefaultOrchardEventBus.TryNotifyHandler(IEventHandler eventHandler, String messageName, String interfaceName, String methodName, IDictionary`2 eventData, IEnumerable& returnValue) in C:\Projects\HotTravel\src\Orchard\Events\DefaultOrchardEventBus.cs:line 53
2016-04-29 09:01:27,570 [26] NHibernate.AssertionFailure - Default - ERROR An AssertionFailure occurred - this may indicate a bug in NHibernate or in your custom types.
NHibernate.AssertionFailure: null id in Orchard.Projections.Models.StringFieldIndexRecord entry (don't flush the Session after an exception occurs)
2016-04-29 09:30:48,846 [9] Orchard.Exceptions.DefaultExceptionPolicy - Default - ERROR An unexpected exception was caught
System.Reflection.TargetInvocationException: Exception has been thrown by the target of an invocation. ---> System.Reflection.TargetInvocationException: Exception has been thrown by the target of an invocation. ---> System.Web.HttpCompileException: c:\Projects\HotTravel\src\Orchard.Web\Modules\HotTravel.FeaturedDestinationGroup\Views\Parts\FeaturedDestinationGroup.cshtml(16): error CS1977: Cannot use a lambda expression as an argument to a dynamically dispatched operation without first casting it to a delegate or expression tree type
   at System.Web.Compilation.BuildManager.PostProcessFoundBuildResult(BuildResult result, Boolean keyFromVPP, VirtualPath virtualPath)
   at System.Web.Compilation.BuildManager.GetBuildResultFromCacheInternal(String cacheKey, Boolean keyFromVPP, VirtualPath virtualPath, Int64 hashCode, Boolean ensureIsUpToDate)
   at System.Web.Compilation.BuildManager.GetVPathBuildResultFromCacheInternal(VirtualPath virtualPath, Boolean ensureIsUpToDate)
   at System.Web.Compilation.BuildManager.GetVPathBuildResultInternal(VirtualPath virtualPath, Boolean noBuild, Boolean allowCrossApp, Boolean allowBuildInPrecompile, Boolean throwIfNotFound, Boolean ensureIsUpToDate)
   at System.Web.Compilation.BuildManager.GetVPathBuildResultWithNoAssert(HttpContext context, VirtualPath virtualPath, Boolean noBuild, Boolean allowCrossApp, Boolean allowBuildInPrecompile, Boolean throwIfNotFound, Boolean ensureIsUpToDate)
   at System.Web.Compilation.BuildManager.GetVirtualPathObjectFactory(VirtualPath virtualPath, HttpContext context, Boolean allowCrossApp, Boolean throwIfNotFound)
   at System.Web.Compilation.BuildManager.GetCompiledType(VirtualPath virtualPath)
   at System.Web.Compilation.BuildManager.GetCompiledType(String virtualPath)
   at System.Web.Mvc.BuildManagerWrapper.System.Web.Mvc.IBuildManager.GetCompiledType(String virtualPath)
   at System.Web.Mvc.BuildManagerCompiledView.Render(ViewContext viewContext, TextWriter writer)
   at System.Web.Mvc.HtmlHelper.RenderPartialInternal(String partialViewName, ViewDataDictionary viewData, Object model, TextWriter writer, ViewEngineCollection viewEngineCollection)
   at System.Web.Mvc.Html.PartialExtensions.Partial(HtmlHelper htmlHelper, String partialViewName, Object model, ViewDataDictionary viewData)
   at System.Web.Mvc.Html.PartialExtensions.Partial(HtmlHelper htmlHelper, String partialViewName, Object model)
   at Orchard.DisplayManagement.Descriptors.ShapeTemplateStrategy.ShapeTemplateBindingStrategy.Render(ShapeDescriptor shapeDescriptor, DisplayContext displayContext, HarvestShapeInfo harvestShapeInfo, HarvestShapeHit harvestShapeHit) in C:\Projects\HotTravel\src\Orchard\DisplayManagement\Descriptors\ShapeTemplateStrategy\ShapeTemplateBindingStrategy.cs:line 151
   at Orchard.DisplayManagement.Descriptors.ShapeTemplateStrategy.ShapeTemplateBindingStrategy.<>c__DisplayClass20_7.<Discover>b__14(DisplayContext displayContext) in C:\Projects\HotTravel\src\Orchard\DisplayManagement\Descriptors\ShapeTemplateStrategy\ShapeTemplateBindingStrategy.cs:line 133
   at Orchard.DisplayManagement.Descriptors.ShapeAlterationBuilder.<>c__DisplayClass7_1.<BoundAs>b__1(DisplayContext displayContext) in C:\Projects\HotTravel\src\Orchard\DisplayManagement\Descriptors\ShapeAlterationBuilder.cs:line 56
   at Orchard.DisplayManagement.Implementation.DefaultDisplayManager.Process(ShapeBinding shapeBinding, IShape shape, DisplayContext context) in C:\Projects\HotTravel\src\Orchard\DisplayManagement\Implementation\DefaultDisplayManager.cs:line 203
   at Orchard.DisplayManagement.Implementation.DefaultDisplayManager.Execute(DisplayContext context) in C:\Projects\HotTravel\src\Orchard\DisplayManagement\Implementation\DefaultDisplayManager.cs:line 99
   at Orchard.DisplayManagement.Implementation.DisplayHelper.ShapeExecute(Object shape) in C:\Projects\HotTravel\src\Orchard\DisplayManagement\Implementation\DisplayHelper.cs:line 86
   at Orchard.DisplayManagement.Implementation.DisplayHelper.Invoke(String name, INamedEnumerable`1 parameters) in C:\Projects\HotTravel\src\Orchard\DisplayManagement\Implementation\DisplayHelper.cs:line 44
   at Orchard.DisplayManagement.Implementation.DisplayHelper.TryInvoke(InvokeBinder binder, Object[] args, Object& result) in C:\Projects\HotTravel\src\Orchard\DisplayManagement\Implementation\DisplayHelper.cs:line 29
   at CallSite.Target(Closure , CallSite , Object , Object )
   at Orchard.Core.Shapes.CoreShapes.ContentZone(Object Display, Object Shape, TextWriter Output) in C:\Projects\HotTravel\src\Orchard.Web\Core\Shapes\CoreShapes.cs:line 303
   --- End of inner exception stack trace ---
   at System.RuntimeMethodHandle.InvokeMethod(Object target, Object[] arguments, Signature sig, Boolean constructor)
   at System.Reflection.RuntimeMethodInfo.UnsafeInvokeInternal(Object obj, Object[] parameters, Object[] arguments)
   at System.Reflection.RuntimeMethodInfo.Invoke(Object obj, BindingFlags invokeAttr, Binder binder, Object[] parameters, CultureInfo culture)
   at System.Reflection.MethodBase.Invoke(Object obj, Object[] parameters)
   at Orchard.DisplayManagement.Descriptors.ShapeAttributeStrategy.ShapeAttributeBindingStrategy.PerformInvoke(DisplayContext displayContext, MethodInfo methodInfo, Object serviceInstance) in C:\Projects\HotTravel\src\Orchard\DisplayManagement\Descriptors\ShapeAttributeStrategy\ShapeAttributeBindingStrategy.cs:line 64
   at Orchard.DisplayManagement.Descriptors.ShapeAttributeStrategy.ShapeAttributeBindingStrategy.<>c__DisplayClass5_0.<CreateDelegate>b__0(DisplayContext context) in C:\Projects\HotTravel\src\Orchard\DisplayManagement\Descriptors\ShapeAttributeStrategy\ShapeAttributeBindingStrategy.cs:line 55
   at Orchard.DisplayManagement.Descriptors.ShapeAlterationBuilder.<>c__DisplayClass7_1.<BoundAs>b__1(DisplayContext displayContext) in C:\Projects\HotTravel\src\Orchard\DisplayManagement\Descriptors\ShapeAlterationBuilder.cs:line 56
   at Orchard.DisplayManagement.Implementation.DefaultDisplayManager.Process(ShapeBinding shapeBinding, IShape shape, DisplayContext context) in C:\Projects\HotTravel\src\Orchard\DisplayManagement\Implementation\DefaultDisplayManager.cs:line 203
   at Orchard.DisplayManagement.Implementation.DefaultDisplayManager.Execute(DisplayContext context) in C:\Projects\HotTravel\src\Orchard\DisplayManagement\Implementation\DefaultDisplayManager.cs:line 99
   at Orchard.DisplayManagement.Implementation.DisplayHelper.ShapeExecute(Object shape) in C:\Projects\HotTravel\src\Orchard\DisplayManagement\Implementation\DisplayHelper.cs:line 86
   at Orchard.DisplayManagement.Implementation.DisplayHelper.Invoke(String name, INamedEnumerable`1 parameters) in C:\Projects\HotTravel\src\Orchard\DisplayManagement\Implementation\DisplayHelper.cs:line 44
   at Orchard.DisplayManagement.Implementation.DisplayHelper.TryInvoke(InvokeBinder binder, Object[] args, Object& result) in C:\Projects\HotTravel\src\Orchard\DisplayManagement\Implementation\DisplayHelper.cs:line 29
   at CallSite.Target(Closure , CallSite , Object , Object )
   at ASP._Page_Core_Contents_Views_Content_cshtml.Execute() in c:\Projects\HotTravel\src\Orchard.Web\Core\Contents\Views\Content.cshtml:line 23
   at System.Web.WebPages.WebPageBase.ExecutePageHierarchy()
   at System.Web.Mvc.WebViewPage.ExecutePageHierarchy()
   at System.Web.WebPages.WebPageBase.ExecutePageHierarchy(WebPageContext pageContext, TextWriter writer, WebPageRenderingBase startPage)
   at System.Web.Mvc.RazorView.RenderView(ViewContext viewContext, TextWriter writer, Object instance)
   at System.Web.Mvc.BuildManagerCompiledView.Render(ViewContext viewContext, TextWriter writer)
   at System.Web.Mvc.HtmlHelper.RenderPartialInternal(String partialViewName, ViewDataDictionary viewData, Object model, TextWriter writer, ViewEngineCollection viewEngineCollection)
   at System.Web.Mvc.Html.PartialExtensions.Partial(HtmlHelper htmlHelper, String partialViewName, Object model, ViewDataDictionary viewData)
   at System.Web.Mvc.Html.PartialExtensions.Partial(HtmlHelper htmlHelper, String partialViewName, Object model)
   at Orchard.DisplayManagement.Descriptors.ShapeTemplateStrategy.ShapeTemplateBindingStrategy.Render(ShapeDescriptor shapeDescriptor, DisplayContext displayContext, HarvestShapeInfo harvestShapeInfo, HarvestShapeHit harvestShapeHit) in C:\Projects\HotTravel\src\Orchard\DisplayManagement\Descriptors\ShapeTemplateStrategy\ShapeTemplateBindingStrategy.cs:line 151
   at Orchard.DisplayManagement.Descriptors.ShapeTemplateStrategy.ShapeTemplateBindingStrategy.<>c__DisplayClass20_7.<Discover>b__14(DisplayContext displayContext) in C:\Projects\HotTravel\src\Orchard\DisplayManagement\Descriptors\ShapeTemplateStrategy\ShapeTemplateBindingStrategy.cs:line 133
   at Orchard.DisplayManagement.Descriptors.ShapeAlterationBuilder.<>c__DisplayClass7_1.<BoundAs>b__1(DisplayContext displayContext) in C:\Projects\HotTravel\src\Orchard\DisplayManagement\Descriptors\ShapeAlterationBuilder.cs:line 56
   at Orchard.DisplayManagement.Implementation.DefaultDisplayManager.Process(ShapeBinding shapeBinding, IShape shape, DisplayContext context) in C:\Projects\HotTravel\src\Orchard\DisplayManagement\Implementation\DefaultDisplayManager.cs:line 203
   at Orchard.DisplayManagement.Implementation.DefaultDisplayManager.Execute(DisplayContext context) in C:\Projects\HotTravel\src\Orchard\DisplayManagement\Implementation\DefaultDisplayManager.cs:line 99
   at Orchard.DisplayManagement.Implementation.DisplayHelper.ShapeExecute(Object shape) in C:\Projects\HotTravel\src\Orchard\DisplayManagement\Implementation\DisplayHelper.cs:line 86
   at Orchard.DisplayManagement.Implementation.DisplayHelper.Invoke(String name, INamedEnumerable`1 parameters) in C:\Projects\HotTravel\src\Orchard\DisplayManagement\Implementation\DisplayHelper.cs:line 44
   at Orchard.DisplayManagement.Implementation.DisplayHelper.TryInvoke(InvokeBinder binder, Object[] args, Object& result) in C:\Projects\HotTravel\src\Orchard\DisplayManagement\Implementation\DisplayHelper.cs:line 29
   at CallSite.Target(Closure , CallSite , Object , Object )
   at ASP._Page_Modules_Orchard_Layouts_Views_Elements_ContentItem_cshtml.Execute() in c:\Projects\HotTravel\src\Orchard.Web\Modules\Orchard.Layouts\Views\Elements\ContentItem.cshtml:line 7
   at System.Web.WebPages.WebPageBase.ExecutePageHierarchy()
   at System.Web.Mvc.WebViewPage.ExecutePageHierarchy()
   at System.Web.WebPages.WebPageBase.ExecutePageHierarchy(WebPageContext pageContext, TextWriter writer, WebPageRenderingBase startPage)
   at System.Web.Mvc.RazorView.RenderView(ViewContext viewContext, TextWriter writer, Object instance)
   at System.Web.Mvc.BuildManagerCompiledView.Render(ViewContext viewContext, TextWriter writer)
   at System.Web.Mvc.HtmlHelper.RenderPartialInternal(String partialViewName, ViewDataDictionary viewData, Object model, TextWriter writer, ViewEngineCollection viewEngineCollection)
   at System.Web.Mvc.Html.PartialExtensions.Partial(HtmlHelper htmlHelper, String partialViewName, Object model, ViewDataDictionary viewData)
   at System.Web.Mvc.Html.PartialExtensions.Partial(HtmlHelper htmlHelper, String partialViewName, Object model)
   at Orchard.DisplayManagement.Descriptors.ShapeTemplateStrategy.ShapeTemplateBindingStrategy.Render(ShapeDescriptor shapeDescriptor, DisplayContext displayContext, HarvestShapeInfo harvestShapeInfo, HarvestShapeHit harvestShapeHit) in C:\Projects\HotTravel\src\Orchard\DisplayManagement\Descriptors\ShapeTemplateStrategy\ShapeTemplateBindingStrategy.cs:line 151
   at Orchard.DisplayManagement.Descriptors.ShapeTemplateStrategy.ShapeTemplateBindingStrategy.<>c__DisplayClass20_7.<Discover>b__14(DisplayContext displayContext) in C:\Projects\HotTravel\src\Orchard\DisplayManagement\Descriptors\ShapeTemplateStrategy\ShapeTemplateBindingStrategy.cs:line 133
   at Orchard.DisplayManagement.Descriptors.ShapeAlterationBuilder.<>c__DisplayClass7_1.<BoundAs>b__1(DisplayContext displayContext) in C:\Projects\HotTravel\src\Orchard\DisplayManagement\Descriptors\ShapeAlterationBuilder.cs:line 56
   at Orchard.DisplayManagement.Implementation.DefaultDisplayManager.Process(ShapeBinding shapeBinding, IShape shape, DisplayContext context) in C:\Projects\HotTravel\src\Orchard\DisplayManagement\Implementation\DefaultDisplayManager.cs:line 203
   at Orchard.DisplayManagement.Implementation.DefaultDisplayManager.Execute(DisplayContext context) in C:\Projects\HotTravel\src\Orchard\DisplayManagement\Implementation\DefaultDisplayManager.cs:line 99
   at Orchard.DisplayManagement.Implementation.DisplayHelper.ShapeExecute(Object shape) in C:\Projects\HotTravel\src\Orchard\DisplayManagement\Implementation\DisplayHelper.cs:line 86
   at Orchard.DisplayManagement.Implementation.DisplayHelper.Invoke(String name, INamedEnumerable`1 parameters) in C:\Projects\HotTravel\src\Orchard\DisplayManagement\Implementation\DisplayHelper.cs:line 44
   at Orchard.DisplayManagement.Implementation.DisplayHelper.TryInvoke(InvokeBinder binder, Object[] args, Object& result) in C:\Projects\HotTravel\src\Orchard\DisplayManagement\Implementation\DisplayHelper.cs:line 29
   at CallSite.Target(Closure , CallSite , Object , Object )
   at ASP._Page_Modules_Orchard_Layouts_Views_Elements_Column_cshtml.Execute() in c:\Projects\HotTravel\src\Orchard.Web\Modules\Orchard.Layouts\Views\Elements\Column.cshtml:line 17
   at System.Web.WebPages.WebPageBase.ExecutePageHierarchy()
   at System.Web.Mvc.WebViewPage.ExecutePageHierarchy()
   at System.Web.WebPages.WebPageBase.ExecutePageHierarchy(WebPageContext pageContext, TextWriter writer, WebPageRenderingBase startPage)
   at System.Web.Mvc.RazorView.RenderView(ViewContext viewContext, TextWriter writer, Object instance)
   at System.Web.Mvc.BuildManagerCompiledView.Render(ViewContext viewContext, TextWriter writer)
   at System.Web.Mvc.HtmlHelper.RenderPartialInternal(String partialViewName, ViewDataDictionary viewData, Object model, TextWriter writer, ViewEngineCollection viewEngineCollection)
   at System.Web.Mvc.Html.PartialExtensions.Partial(HtmlHelper htmlHelper, String partialViewName, Object model, ViewDataDictionary viewData)
   at System.Web.Mvc.Html.PartialExtensions.Partial(HtmlHelper htmlHelper, String partialViewName, Object model)
   at Orchard.DisplayManagement.Descriptors.ShapeTemplateStrategy.ShapeTemplateBindingStrategy.Render(ShapeDescriptor shapeDescriptor, DisplayContext displayContext, HarvestShapeInfo harvestShapeInfo, HarvestShapeHit harvestShapeHit) in C:\Projects\HotTravel\src\Orchard\DisplayManagement\Descriptors\ShapeTemplateStrategy\ShapeTemplateBindingStrategy.cs:line 151
   at Orchard.DisplayManagement.Descriptors.ShapeTemplateStrategy.ShapeTemplateBindingStrategy.<>c__DisplayClass20_7.<Discover>b__14(DisplayContext displayContext) in C:\Projects\HotTravel\src\Orchard\DisplayManagement\Descriptors\ShapeTemplateStrategy\ShapeTemplateBindingStrategy.cs:line 133
   at Orchard.DisplayManagement.Descriptors.ShapeAlterationBuilder.<>c__DisplayClass7_1.<BoundAs>b__1(DisplayContext displayContext) in C:\Projects\HotTravel\src\Orchard\DisplayManagement\Descriptors\ShapeAlterationBuilder.cs:line 56
   at Orchard.DisplayManagement.Implementation.DefaultDisplayManager.Process(ShapeBinding shapeBinding, IShape shape, DisplayContext context) in C:\Projects\HotTravel\src\Orchard\DisplayManagement\Implementation\DefaultDisplayManager.cs:line 203
   at Orchard.DisplayManagement.Implementation.DefaultDisplayManager.Execute(DisplayContext context) in C:\Projects\HotTravel\src\Orchard\DisplayManagement\Implementation\DefaultDisplayManager.cs:line 99
   at Orchard.DisplayManagement.Implementation.DisplayHelper.ShapeExecute(Object shape) in C:\Projects\HotTravel\src\Orchard\DisplayManagement\Implementation\DisplayHelper.cs:line 86
   at Orchard.DisplayManagement.Implementation.DisplayHelper.Invoke(String name, INamedEnumerable`1 parameters) in C:\Projects\HotTravel\src\Orchard\DisplayManagement\Implementation\DisplayHelper.cs:line 44
   at Orchard.DisplayManagement.Implementation.DisplayHelper.TryInvoke(InvokeBinder binder, Object[] args, Object& result) in C:\Projects\HotTravel\src\Orchard\DisplayManagement\Implementation\DisplayHelper.cs:line 29
   at CallSite.Target(Closure , CallSite , Object , Object )
   at Orchard.Mvc.ViewEngines.Razor.WebViewPage`1.DisplayChildren(Object shape) in C:\Projects\HotTravel\src\Orchard\Mvc\ViewEngines\Razor\WebViewPage.cs:line 177
   at ASP._Page_Modules_Orchard_Layouts_Views_Elements_Row_cshtml.Execute() in c:\Projects\HotTravel\src\Orchard.Web\Modules\Orchard.Layouts\Views\Elements\Row.cshtml:line 8
   at System.Web.WebPages.WebPageBase.ExecutePageHierarchy()
   at System.Web.Mvc.WebViewPage.ExecutePageHierarchy()
   at System.Web.WebPages.WebPageBase.ExecutePageHierarchy(WebPageContext pageContext, TextWriter writer, WebPageRenderingBase startPage)
   at System.Web.Mvc.RazorView.RenderView(ViewContext viewContext, TextWriter writer, Object instance)
   at System.Web.Mvc.BuildManagerCompiledView.Render(ViewContext viewContext, TextWriter writer)
   at System.Web.Mvc.HtmlHelper.RenderPartialInternal(String partialViewName, ViewDataDictionary viewData, Object model, TextWriter writer, ViewEngineCollection viewEngineCollection)
   at System.Web.Mvc.Html.PartialExtensions.Partial(HtmlHelper htmlHelper, String partialViewName, Object model, ViewDataDictionary viewData)
   at System.Web.Mvc.Html.PartialExtensions.Partial(HtmlHelper htmlHelper, String partialViewName, Object model)
   at Orchard.DisplayManagement.Descriptors.ShapeTemplateStrategy.ShapeTemplateBindingStrategy.Render(ShapeDescriptor shapeDescriptor, DisplayContext displayContext, HarvestShapeInfo harvestShapeInfo, HarvestShapeHit harvestShapeHit) in C:\Projects\HotTravel\src\Orchard\DisplayManagement\Descriptors\ShapeTemplateStrategy\ShapeTemplateBindingStrategy.cs:line 151
   at Orchard.DisplayManagement.Descriptors.ShapeTemplateStrategy.ShapeTemplateBindingStrategy.<>c__DisplayClass20_7.<Discover>b__14(DisplayContext displayContext) in C:\Projects\HotTravel\src\Orchard\DisplayManagement\Descriptors\ShapeTemplateStrategy\ShapeTemplateBindingStrategy.cs:line 133
   at Orchard.DisplayManagement.Descriptors.ShapeAlterationBuilder.<>c__DisplayClass7_1.<BoundAs>b__1(DisplayContext displayContext) in C:\Projects\HotTravel\src\Orchard\DisplayManagement\Descriptors\ShapeAlterationBuilder.cs:line 56
   at Orchard.DisplayManagement.Implementation.DefaultDisplayManager.Process(ShapeBinding shapeBinding, IShape shape, DisplayContext context) in C:\Projects\HotTravel\src\Orchard\DisplayManagement\Implementation\DefaultDisplayManager.cs:line 203
   at Orchard.DisplayManagement.Implementation.DefaultDisplayManager.Execute(DisplayContext context) in C:\Projects\HotTravel\src\Orchard\DisplayManagement\Implementation\DefaultDisplayManager.cs:line 99
   at Orchard.DisplayManagement.Implementation.DisplayHelper.ShapeExecute(Object shape) in C:\Projects\HotTravel\src\Orchard\DisplayManagement\Implementation\DisplayHelper.cs:line 86
   at Orchard.DisplayManagement.Implementation.DisplayHelper.Invoke(String name, INamedEnumerable`1 parameters) in C:\Projects\HotTravel\src\Orchard\DisplayManagement\Implementation\DisplayHelper.cs:line 44
   at Orchard.DisplayManagement.Implementation.DisplayHelper.TryInvoke(InvokeBinder binder, Object[] args, Object& result) in C:\Projects\HotTravel\src\Orchard\DisplayManagement\Implementation\DisplayHelper.cs:line 29
   at CallSite.Target(Closure , CallSite , Object , Object )
   at Orchard.Mvc.ViewEngines.Razor.WebViewPage`1.DisplayChildren(Object shape) in C:\Projects\HotTravel\src\Orchard\Mvc\ViewEngines\Razor\WebViewPage.cs:line 177
   at ASP._Page_Modules_Orchard_Layouts_Views_Elements_Grid_cshtml.Execute() in c:\Projects\HotTravel\src\Orchard.Web\Modules\Orchard.Layouts\Views\Elements\Grid.cshtml:line 7
   at System.Web.WebPages.WebPageBase.ExecutePageHierarchy()
   at System.Web.Mvc.WebViewPage.ExecutePageHierarchy()
   at System.Web.WebPages.WebPageBase.ExecutePageHierarchy(WebPageContext pageContext, TextWriter writer, WebPageRenderingBase startPage)
   at System.Web.Mvc.RazorView.RenderView(ViewContext viewContext, TextWriter writer, Object instance)
   at System.Web.Mvc.BuildManagerCompiledView.Render(ViewContext viewContext, TextWriter writer)
   at System.Web.Mvc.HtmlHelper.RenderPartialInternal(String partialViewName, ViewDataDictionary viewData, Object model, TextWriter writer, ViewEngineCollection viewEngineCollection)
   at System.Web.Mvc.Html.PartialExtensions.Partial(HtmlHelper htmlHelper, String partialViewName, Object model, ViewDataDictionary viewData)
   at System.Web.Mvc.Html.PartialExtensions.Partial(HtmlHelper htmlHelper, String partialViewName, Object model)
   at Orchard.DisplayManagement.Descriptors.ShapeTemplateStrategy.ShapeTemplateBindingStrategy.Render(ShapeDescriptor shapeDescriptor, DisplayContext displayContext, HarvestShapeInfo harvestShapeInfo, HarvestShapeHit harvestShapeHit) in C:\Projects\HotTravel\src\Orchard\DisplayManagement\Descriptors\ShapeTemplateStrategy\ShapeTemplateBindingStrategy.cs:line 151
   at Orchard.DisplayManagement.Descriptors.ShapeTemplateStrategy.ShapeTemplateBindingStrategy.<>c__DisplayClass20_7.<Discover>b__14(DisplayContext displayContext) in C:\Projects\HotTravel\src\Orchard\DisplayManagement\Descriptors\ShapeTemplateStrategy\ShapeTemplateBindingStrategy.cs:line 133
   at Orchard.DisplayManagement.Descriptors.ShapeAlterationBuilder.<>c__DisplayClass7_1.<BoundAs>b__1(DisplayContext displayContext) in C:\Projects\HotTravel\src\Orchard\DisplayManagement\Descriptors\ShapeAlterationBuilder.cs:line 56
   at Orchard.DisplayManagement.Implementation.DefaultDisplayManager.Process(ShapeBinding shapeBinding, IShape shape, DisplayContext context) in C:\Projects\HotTravel\src\Orchard\DisplayManagement\Implementation\DefaultDisplayManager.cs:line 203
   at Orchard.DisplayManagement.Implementation.DefaultDisplayManager.Execute(DisplayContext context) in C:\Projects\HotTravel\src\Orchard\DisplayManagement\Implementation\DefaultDisplayManager.cs:line 99
   at Orchard.DisplayManagement.Implementation.DisplayHelper.ShapeExecute(Object shape) in C:\Projects\HotTravel\src\Orchard\DisplayManagement\Implementation\DisplayHelper.cs:line 86
   at Orchard.DisplayManagement.Implementation.DisplayHelper.Invoke(String name, INamedEnumerable`1 parameters) in C:\Projects\HotTravel\src\Orchard\DisplayManagement\Implementation\DisplayHelper.cs:line 44
   at Orchard.DisplayManagement.Implementation.DisplayHelper.TryInvoke(InvokeBinder binder, Object[] args, Object& result) in C:\Projects\HotTravel\src\Orchard\DisplayManagement\Implementation\DisplayHelper.cs:line 29
   at CallSite.Target(Closure , CallSite , Object , Object )
   at Orchard.Mvc.ViewEngines.Razor.WebViewPage`1.DisplayChildren(Object shape) in C:\Projects\HotTravel\src\Orchard\Mvc\ViewEngines\Razor\WebViewPage.cs:line 177
   at ASP._Page_Modules_Orchard_Layouts_Views_Elements_Canvas_cshtml.Execute() in c:\Projects\HotTravel\src\Orchard.Web\Modules\Orchard.Layouts\Views\Elements\Canvas.cshtml:line 13
   at System.Web.WebPages.WebPageBase.ExecutePageHierarchy()
   at System.Web.Mvc.WebViewPage.ExecutePageHierarchy()
   at System.Web.WebPages.WebPageBase.ExecutePageHierarchy(WebPageContext pageContext, TextWriter writer, WebPageRenderingBase startPage)
   at System.Web.Mvc.RazorView.RenderView(ViewContext viewContext, TextWriter writer, Object instance)
   at System.Web.Mvc.BuildManagerCompiledView.Render(ViewContext viewContext, TextWriter writer)
   at System.Web.Mvc.HtmlHelper.RenderPartialInternal(String partialViewName, ViewDataDictionary viewData, Object model, TextWriter writer, ViewEngineCollection viewEngineCollection)
   at System.Web.Mvc.Html.PartialExtensions.Partial(HtmlHelper htmlHelper, String partialViewName, Object model, ViewDataDictionary viewData)
   at System.Web.Mvc.Html.PartialExtensions.Partial(HtmlHelper htmlHelper, String partialViewName, Object model)
   at Orchard.DisplayManagement.Descriptors.ShapeTemplateStrategy.ShapeTemplateBindingStrategy.Render(ShapeDescriptor shapeDescriptor, DisplayContext displayContext, HarvestShapeInfo harvestShapeInfo, HarvestShapeHit harvestShapeHit) in C:\Projects\HotTravel\src\Orchard\DisplayManagement\Descriptors\ShapeTemplateStrategy\ShapeTemplateBindingStrategy.cs:line 151
   at Orchard.DisplayManagement.Descriptors.ShapeTemplateStrategy.ShapeTemplateBindingStrategy.<>c__DisplayClass20_7.<Discover>b__14(DisplayContext displayContext) in C:\Projects\HotTravel\src\Orchard\DisplayManagement\Descriptors\ShapeTemplateStrategy\ShapeTemplateBindingStrategy.cs:line 133
   at Orchard.DisplayManagement.Descriptors.ShapeAlterationBuilder.<>c__DisplayClass7_1.<BoundAs>b__1(DisplayContext displayContext) in C:\Projects\HotTravel\src\Orchard\DisplayManagement\Descriptors\ShapeAlterationBuilder.cs:line 56
   at Orchard.DisplayManagement.Implementation.DefaultDisplayManager.Process(ShapeBinding shapeBinding, IShape shape, DisplayContext context) in C:\Projects\HotTravel\src\Orchard\DisplayManagement\Implementation\DefaultDisplayManager.cs:line 203
   at Orchard.DisplayManagement.Implementation.DefaultDisplayManager.Execute(DisplayContext context) in C:\Projects\HotTravel\src\Orchard\DisplayManagement\Implementation\DefaultDisplayManager.cs:line 99
   at Orchard.DisplayManagement.Implementation.DisplayHelper.ShapeExecute(Object shape) in C:\Projects\HotTravel\src\Orchard\DisplayManagement\Implementation\DisplayHelper.cs:line 86
   at Orchard.DisplayManagement.Implementation.DisplayHelper.Invoke(String name, INamedEnumerable`1 parameters) in C:\Projects\HotTravel\src\Orchard\DisplayManagement\Implementation\DisplayHelper.cs:line 44
   at Orchard.DisplayManagement.Implementation.DisplayHelper.TryInvoke(InvokeBinder binder, Object[] args, Object& result) in C:\Projects\HotTravel\src\Orchard\DisplayManagement\Implementation\DisplayHelper.cs:line 29
   at CallSite.Target(Closure , CallSite , Object , Object )
   at System.Dynamic.UpdateDelegates.UpdateAndExecute2[T0,T1,TRet](CallSite site, T0 arg0, T1 arg1)
   at CallSite.Target(Closure , CallSite , Object , Object )
   at Orchard.Mvc.ViewEngines.Razor.WebViewPage`1.DisplayChildren(Object shape) in C:\Projects\HotTravel\src\Orchard\Mvc\ViewEngines\Razor\WebViewPage.cs:line 177
   at ASP._Page_Modules_Orchard_Layouts_Views_LayoutRoot_cshtml.Execute() in c:\Projects\HotTravel\src\Orchard.Web\Modules\Orchard.Layouts\Views\LayoutRoot.cshtml:line 1
   at System.Web.WebPages.WebPageBase.ExecutePageHierarchy()
   at System.Web.Mvc.WebViewPage.ExecutePageHierarchy()
   at System.Web.WebPages.WebPageBase.ExecutePageHierarchy(WebPageContext pageContext, TextWriter writer, WebPageRenderingBase startPage)
   at System.Web.Mvc.RazorView.RenderView(ViewContext viewContext, TextWriter writer, Object instance)
   at System.Web.Mvc.BuildManagerCompiledView.Render(ViewContext viewContext, TextWriter writer)
   at System.Web.Mvc.HtmlHelper.RenderPartialInternal(String partialViewName, ViewDataDictionary viewData, Object model, TextWriter writer, ViewEngineCollection viewEngineCollection)
   at System.Web.Mvc.Html.PartialExtensions.Partial(HtmlHelper htmlHelper, String partialViewName, Object model, ViewDataDictionary viewData)
   at System.Web.Mvc.Html.PartialExtensions.Partial(HtmlHelper htmlHelper, String partialViewName, Object model)
   at Orchard.DisplayManagement.Descriptors.ShapeTemplateStrategy.ShapeTemplateBindingStrategy.Render(ShapeDescriptor shapeDescriptor, DisplayContext displayContext, HarvestShapeInfo harvestShapeInfo, HarvestShapeHit harvestShapeHit) in C:\Projects\HotTravel\src\Orchard\DisplayManagement\Descriptors\ShapeTemplateStrategy\ShapeTemplateBindingStrategy.cs:line 151
   at Orchard.DisplayManagement.Descriptors.ShapeTemplateStrategy.ShapeTemplateBindingStrategy.<>c__DisplayClass20_7.<Discover>b__14(DisplayContext displayContext) in C:\Projects\HotTravel\src\Orchard\DisplayManagement\Descriptors\ShapeTemplateStrategy\ShapeTemplateBindingStrategy.cs:line 133
   at Orchard.DisplayManagement.Descriptors.ShapeAlterationBuilder.<>c__DisplayClass7_1.<BoundAs>b__1(DisplayContext displayContext) in C:\Projects\HotTravel\src\Orchard\DisplayManagement\Descriptors\ShapeAlterationBuilder.cs:line 56
   at Orchard.DisplayManagement.Implementation.DefaultDisplayManager.Process(ShapeBinding shapeBinding, IShape shape, DisplayContext context) in C:\Projects\HotTravel\src\Orchard\DisplayManagement\Implementation\DefaultDisplayManager.cs:line 203
   at Orchard.DisplayManagement.Implementation.DefaultDisplayManager.Execute(DisplayContext context) in C:\Projects\HotTravel\src\Orchard\DisplayManagement\Implementation\DefaultDisplayManager.cs:line 99
   at Orchard.DisplayManagement.Implementation.DisplayHelper.ShapeExecute(Object shape) in C:\Projects\HotTravel\src\Orchard\DisplayManagement\Implementation\DisplayHelper.cs:line 86
   at Orchard.DisplayManagement.Implementation.DisplayHelper.Invoke(String name, INamedEnumerable`1 parameters) in C:\Projects\HotTravel\src\Orchard\DisplayManagement\Implementation\DisplayHelper.cs:line 44
   at Orchard.DisplayManagement.Implementation.DisplayHelper.TryInvoke(InvokeBinder binder, Object[] args, Object& result) in C:\Projects\HotTravel\src\Orchard\DisplayManagement\Implementation\DisplayHelper.cs:line 29
   at CallSite.Target(Closure , CallSite , Object , Object )
   at ASP._Page_Modules_Orchard_Layouts_Views_Parts_Layout_cshtml.Execute() in c:\Projects\HotTravel\src\Orchard.Web\Modules\Orchard.Layouts\Views\Parts.Layout.cshtml:line 2
   at System.Web.WebPages.WebPageBase.ExecutePageHierarchy()
   at System.Web.Mvc.WebViewPage.ExecutePageHierarchy()
   at System.Web.WebPages.WebPageBase.ExecutePageHierarchy(WebPageContext pageContext, TextWriter writer, WebPageRenderingBase startPage)
   at System.Web.Mvc.RazorView.RenderView(ViewContext viewContext, TextWriter writer, Object instance)
   at System.Web.Mvc.BuildManagerCompiledView.Render(ViewContext viewContext, TextWriter writer)
   at System.Web.Mvc.HtmlHelper.RenderPartialInternal(String partialViewName, ViewDataDictionary viewData, Object model, TextWriter writer, ViewEngineCollection viewEngineCollection)
   at System.Web.Mvc.Html.PartialExtensions.Partial(HtmlHelper htmlHelper, String partialViewName, Object model, ViewDataDictionary viewData)
   at System.Web.Mvc.Html.PartialExtensions.Partial(HtmlHelper htmlHelper, String partialViewName, Object model)
   at Orchard.DisplayManagement.Descriptors.ShapeTemplateStrategy.ShapeTemplateBindingStrategy.Render(ShapeDescriptor shapeDescriptor, DisplayContext displayContext, HarvestShapeInfo harvestShapeInfo, HarvestShapeHit harvestShapeHit) in C:\Projects\HotTravel\src\Orchard\DisplayManagement\Descriptors\ShapeTemplateStrategy\ShapeTemplateBindingStrategy.cs:line 151
   at Orchard.DisplayManagement.Descriptors.ShapeTemplateStrategy.ShapeTemplateBindingStrategy.<>c__DisplayClass20_7.<Discover>b__14(DisplayContext displayContext) in C:\Projects\HotTravel\src\Orchard\DisplayManagement\Descriptors\ShapeTemplateStrategy\ShapeTemplateBindingStrategy.cs:line 133
   at Orchard.DisplayManagement.Descriptors.ShapeAlterationBuilder.<>c__DisplayClass7_1.<BoundAs>b__1(DisplayContext displayContext) in C:\Projects\HotTravel\src\Orchard\DisplayManagement\Descriptors\ShapeAlterationBuilder.cs:line 56
   at Orchard.DisplayManagement.Implementation.DefaultDisplayManager.Process(ShapeBinding shapeBinding, IShape shape, DisplayContext context) in C:\Projects\HotTravel\src\Orchard\DisplayManagement\Implementation\DefaultDisplayManager.cs:line 203
   at Orchard.DisplayManagement.Implementation.DefaultDisplayManager.Execute(DisplayContext context) in C:\Projects\HotTravel\src\Orchard\DisplayManagement\Implementation\DefaultDisplayManager.cs:line 99
   at Orchard.DisplayManagement.Implementation.DisplayHelper.ShapeExecute(Object shape) in C:\Projects\HotTravel\src\Orchard\DisplayManagement\Implementation\DisplayHelper.cs:line 86
   at Orchard.DisplayManagement.Implementation.DisplayHelper.Invoke(String name, INamedEnumerable`1 parameters) in C:\Projects\HotTravel\src\Orchard\DisplayManagement\Implementation\DisplayHelper.cs:line 44
   at Orchard.DisplayManagement.Implementation.DisplayHelper.TryInvoke(InvokeBinder binder, Object[] args, Object& result) in C:\Projects\HotTravel\src\Orchard\DisplayManagement\Implementation\DisplayHelper.cs:line 29
   at CallSite.Target(Closure , CallSite , Object , Object )
   at Orchard.Core.Shapes.CoreShapes.ContentZone(Object Display, Object Shape, TextWriter Output) in C:\Projects\HotTravel\src\Orchard.Web\Core\Shapes\CoreShapes.cs:line 303
   --- End of inner exception stack trace ---
   at System.RuntimeMethodHandle.InvokeMethod(Object target, Object[] arguments, Signature sig, Boolean constructor)
   at System.Reflection.RuntimeMethodInfo.UnsafeInvokeInternal(Object obj, Object[] parameters, Object[] arguments)
   at System.Reflection.RuntimeMethodInfo.Invoke(Object obj, BindingFlags invokeAttr, Binder binder, Object[] parameters, CultureInfo culture)
   at System.Reflection.MethodBase.Invoke(Object obj, Object[] parameters)
   at Orchard.DisplayManagement.Descriptors.ShapeAttributeStrategy.ShapeAttributeBindingStrategy.PerformInvoke(DisplayContext displayContext, MethodInfo methodInfo, Object serviceInstance) in C:\Projects\HotTravel\src\Orchard\DisplayManagement\Descriptors\ShapeAttributeStrategy\ShapeAttributeBindingStrategy.cs:line 64
   at Orchard.DisplayManagement.Descriptors.ShapeAttributeStrategy.ShapeAttributeBindingStrategy.<>c__DisplayClass5_0.<CreateDelegate>b__0(DisplayContext context) in C:\Projects\HotTravel\src\Orchard\DisplayManagement\Descriptors\ShapeAttributeStrategy\ShapeAttributeBindingStrategy.cs:line 55
   at Orchard.DisplayManagement.Descriptors.ShapeAlterationBuilder.<>c__DisplayClass7_1.<BoundAs>b__1(DisplayContext displayContext) in C:\Projects\HotTravel\src\Orchard\DisplayManagement\Descriptors\ShapeAlterationBuilder.cs:line 56
   at Orchard.DisplayManagement.Implementation.DefaultDisplayManager.Process(ShapeBinding shapeBinding, IShape shape, DisplayContext context) in C:\Projects\HotTravel\src\Orchard\DisplayManagement\Implementation\DefaultDisplayManager.cs:line 203
   at Orchard.DisplayManagement.Implementation.DefaultDisplayManager.Execute(DisplayContext context) in C:\Projects\HotTravel\src\Orchard\DisplayManagement\Implementation\DefaultDisplayManager.cs:line 99
   at Orchard.DisplayManagement.Implementation.DisplayHelper.ShapeExecute(Object shape) in C:\Projects\HotTravel\src\Orchard\DisplayManagement\Implementation\DisplayHelper.cs:line 86
   at Orchard.DisplayManagement.Implementation.DisplayHelper.Invoke(String name, INamedEnumerable`1 parameters) in C:\Projects\HotTravel\src\Orchard\DisplayManagement\Implementation\DisplayHelper.cs:line 44
   at Orchard.DisplayManagement.Implementation.DisplayHelper.TryInvoke(InvokeBinder binder, Object[] args, Object& result) in C:\Projects\HotTravel\src\Orchard\DisplayManagement\Implementation\DisplayHelper.cs:line 29
   at CallSite.Target(Closure , CallSite , Object , Object )
   at ASP._Page_Core_Contents_Views_Content_cshtml.Execute() in c:\Projects\HotTravel\src\Orchard.Web\Core\Contents\Views\Content.cshtml:line 23
   at System.Web.WebPages.WebPageBase.ExecutePageHierarchy()
   at System.Web.Mvc.WebViewPage.ExecutePageHierarchy()
   at System.Web.WebPages.WebPageBase.ExecutePageHierarchy(WebPageContext pageContext, TextWriter writer, WebPageRenderingBase startPage)
   at System.Web.Mvc.RazorView.RenderView(ViewContext viewContext, TextWriter writer, Object instance)
   at System.Web.Mvc.BuildManagerCompiledView.Render(ViewContext viewContext, TextWriter writer)
   at System.Web.Mvc.HtmlHelper.RenderPartialInternal(String partialViewName, ViewDataDictionary viewData, Object model, TextWriter writer, ViewEngineCollection viewEngineCollection)
   at System.Web.Mvc.Html.PartialExtensions.Partial(HtmlHelper htmlHelper, String partialViewName, Object model, ViewDataDictionary viewData)
   at System.Web.Mvc.Html.PartialExtensions.Partial(HtmlHelper htmlHelper, String partialViewName, Object model)
   at Orchard.DisplayManagement.Descriptors.ShapeTemplateStrategy.ShapeTemplateBindingStrategy.Render(ShapeDescriptor shapeDescriptor, DisplayContext displayContext, HarvestShapeInfo harvestShapeInfo, HarvestShapeHit harvestShapeHit) in C:\Projects\HotTravel\src\Orchard\DisplayManagement\Descriptors\ShapeTemplateStrategy\ShapeTemplateBindingStrategy.cs:line 151
   at Orchard.DisplayManagement.Descriptors.ShapeTemplateStrategy.ShapeTemplateBindingStrategy.<>c__DisplayClass20_7.<Discover>b__14(DisplayContext displayContext) in C:\Projects\HotTravel\src\Orchard\DisplayManagement\Descriptors\ShapeTemplateStrategy\ShapeTemplateBindingStrategy.cs:line 133
   at Orchard.DisplayManagement.Descriptors.ShapeAlterationBuilder.<>c__DisplayClass7_1.<BoundAs>b__1(DisplayContext displayContext) in C:\Projects\HotTravel\src\Orchard\DisplayManagement\Descriptors\ShapeAlterationBuilder.cs:line 56
   at Orchard.DisplayManagement.Implementation.DefaultDisplayManager.Process(ShapeBinding shapeBinding, IShape shape, DisplayContext context) in C:\Projects\HotTravel\src\Orchard\DisplayManagement\Implementation\DefaultDisplayManager.cs:line 203
   at Orchard.DisplayManagement.Implementation.DefaultDisplayManager.Execute(DisplayContext context) in C:\Projects\HotTravel\src\Orchard\DisplayManagement\Implementation\DefaultDisplayManager.cs:line 99
   at Orchard.DisplayManagement.Implementation.DisplayHelper.ShapeExecute(Object shape) in C:\Projects\HotTravel\src\Orchard\DisplayManagement\Implementation\DisplayHelper.cs:line 86
   at Orchard.DisplayManagement.Implementation.DisplayHelper.Invoke(String name, INamedEnumerable`1 parameters) in C:\Projects\HotTravel\src\Orchard\DisplayManagement\Implementation\DisplayHelper.cs:line 44
   at Orchard.DisplayManagement.Implementation.DisplayHelper.TryInvoke(InvokeBinder binder, Object[] args, Object& result) in C:\Projects\HotTravel\src\Orchard\DisplayManagement\Implementation\DisplayHelper.cs:line 29
   at CallSite.Target(Closure , CallSite , Object , Object )
   at ASP._Page_Core_Contents_Views_Item_Display_cshtml.Execute() in c:\Projects\HotTravel\src\Orchard.Web\Core\Contents\Views\Item\Display.cshtml:line 6
   at System.Web.WebPages.WebPageBase.ExecutePageHierarchy()
   at System.Web.Mvc.WebViewPage.ExecutePageHierarchy()
   at System.Web.WebPages.WebPageBase.ExecutePageHierarchy(WebPageContext pageContext, TextWriter writer, WebPageRenderingBase startPage)
   at System.Web.Mvc.RazorView.RenderView(ViewContext viewContext, TextWriter writer, Object instance)
   at System.Web.Mvc.BuildManagerCompiledView.Render(ViewContext viewContext, TextWriter writer)
   at Orchard.Mvc.ViewEngines.ThemeAwareness.LayoutAwareViewEngine.<>c__DisplayClass9_0.<FindView>b__0(ViewContext viewContext, TextWriter writer, IViewDataContainer viewDataContainer) in C:\Projects\HotTravel\src\Orchard\Mvc\ViewEngines\ThemeAwareness\LayoutAwareViewEngine.cs:line 59
   at Orchard.Mvc.ViewEngines.ThemeAwareness.LayoutAwareViewEngine.LayoutView.Render(ViewContext viewContext, TextWriter writer) in C:\Projects\HotTravel\src\Orchard\Mvc\ViewEngines\ThemeAwareness\LayoutAwareViewEngine.cs:line 90
   at System.Web.Mvc.ViewResultBase.ExecuteResult(ControllerContext context)
   at System.Web.Mvc.ControllerActionInvoker.InvokeActionResult(ControllerContext controllerContext, ActionResult actionResult)
   at System.Web.Mvc.ControllerActionInvoker.InvokeActionResultFilterRecursive(IList`1 filters, Int32 filterIndex, ResultExecutingContext preContext, ControllerContext controllerContext, ActionResult actionResult)
   at System.Web.Mvc.ControllerActionInvoker.InvokeActionResultFilterRecursive(IList`1 filters, Int32 filterIndex, ResultExecutingContext preContext, ControllerContext controllerContext, ActionResult actionResult)
   at System.Web.Mvc.ControllerActionInvoker.InvokeActionResultFilterRecursive(IList`1 filters, Int32 filterIndex, ResultExecutingContext preContext, ControllerContext controllerContext, ActionResult actionResult)
   at System.Web.Mvc.ControllerActionInvoker.InvokeActionResultFilterRecursive(IList`1 filters, Int32 filterIndex, ResultExecutingContext preContext, ControllerContext controllerContext, ActionResult actionResult)
   at System.Web.Mvc.ControllerActionInvoker.InvokeActionResultFilterRecursive(IList`1 filters, Int32 filterIndex, ResultExecutingContext preContext, ControllerContext controllerContext, ActionResult actionResult)
   at System.Web.Mvc.ControllerActionInvoker.InvokeActionResultFilterRecursive(IList`1 filters, Int32 filterIndex, ResultExecutingContext preContext, ControllerContext controllerContext, ActionResult actionResult)
   at System.Web.Mvc.ControllerActionInvoker.InvokeActionResultFilterRecursive(IList`1 filters, Int32 filterIndex, ResultExecutingContext preContext, ControllerContext controllerContext, ActionResult actionResult)
   at System.Web.Mvc.ControllerActionInvoker.InvokeActionResultFilterRecursive(IList`1 filters, Int32 filterIndex, ResultExecutingContext preContext, ControllerContext controllerContext, ActionResult actionResult)
2016-04-29 09:30:48,846 [10] Orchard.Exceptions.DefaultExceptionPolicy - Default - ERROR An unexpected exception was caught
System.Reflection.TargetInvocationException: Exception has been thrown by the target of an invocation. ---> System.Reflection.TargetInvocationException: Exception has been thrown by the target of an invocation. ---> System.Web.HttpCompileException: c:\Projects\HotTravel\src\Orchard.Web\Modules\HotTravel.FeaturedDestinationGroup\Views\Parts\FeaturedDestinationGroup.cshtml(16): error CS1977: Cannot use a lambda expression as an argument to a dynamically dispatched operation without first casting it to a delegate or expression tree type
   at System.Web.Compilation.BuildManager.PostProcessFoundBuildResult(BuildResult result, Boolean keyFromVPP, VirtualPath virtualPath)
   at System.Web.Compilation.BuildManager.GetBuildResultFromCacheInternal(String cacheKey, Boolean keyFromVPP, VirtualPath virtualPath, Int64 hashCode, Boolean ensureIsUpToDate)
   at System.Web.Compilation.BuildManager.GetVPathBuildResultFromCacheInternal(VirtualPath virtualPath, Boolean ensureIsUpToDate)
   at System.Web.Compilation.BuildManager.GetVPathBuildResultInternal(VirtualPath virtualPath, Boolean noBuild, Boolean allowCrossApp, Boolean allowBuildInPrecompile, Boolean throwIfNotFound, Boolean ensureIsUpToDate)
   at System.Web.Compilation.BuildManager.GetVPathBuildResultWithNoAssert(HttpContext context, VirtualPath virtualPath, Boolean noBuild, Boolean allowCrossApp, Boolean allowBuildInPrecompile, Boolean throwIfNotFound, Boolean ensureIsUpToDate)
   at System.Web.Compilation.BuildManager.GetVirtualPathObjectFactory(VirtualPath virtualPath, HttpContext context, Boolean allowCrossApp, Boolean throwIfNotFound)
   at System.Web.Compilation.BuildManager.GetCompiledType(VirtualPath virtualPath)
   at System.Web.Compilation.BuildManager.GetCompiledType(String virtualPath)
   at System.Web.Mvc.BuildManagerWrapper.System.Web.Mvc.IBuildManager.GetCompiledType(String virtualPath)
   at System.Web.Mvc.BuildManagerCompiledView.Render(ViewContext viewContext, TextWriter writer)
   at System.Web.Mvc.HtmlHelper.RenderPartialInternal(String partialViewName, ViewDataDictionary viewData, Object model, TextWriter writer, ViewEngineCollection viewEngineCollection)
   at System.Web.Mvc.Html.PartialExtensions.Partial(HtmlHelper htmlHelper, String partialViewName, Object model, ViewDataDictionary viewData)
   at System.Web.Mvc.Html.PartialExtensions.Partial(HtmlHelper htmlHelper, String partialViewName, Object model)
   at Orchard.DisplayManagement.Descriptors.ShapeTemplateStrategy.ShapeTemplateBindingStrategy.Render(ShapeDescriptor shapeDescriptor, DisplayContext displayContext, HarvestShapeInfo harvestShapeInfo, HarvestShapeHit harvestShapeHit) in C:\Projects\HotTravel\src\Orchard\DisplayManagement\Descriptors\ShapeTemplateStrategy\ShapeTemplateBindingStrategy.cs:line 151
   at Orchard.DisplayManagement.Descriptors.ShapeTemplateStrategy.ShapeTemplateBindingStrategy.<>c__DisplayClass20_7.<Discover>b__14(DisplayContext displayContext) in C:\Projects\HotTravel\src\Orchard\DisplayManagement\Descriptors\ShapeTemplateStrategy\ShapeTemplateBindingStrategy.cs:line 133
   at Orchard.DisplayManagement.Descriptors.ShapeAlterationBuilder.<>c__DisplayClass7_1.<BoundAs>b__1(DisplayContext displayContext) in C:\Projects\HotTravel\src\Orchard\DisplayManagement\Descriptors\ShapeAlterationBuilder.cs:line 56
   at Orchard.DisplayManagement.Implementation.DefaultDisplayManager.Process(ShapeBinding shapeBinding, IShape shape, DisplayContext context) in C:\Projects\HotTravel\src\Orchard\DisplayManagement\Implementation\DefaultDisplayManager.cs:line 203
   at Orchard.DisplayManagement.Implementation.DefaultDisplayManager.Execute(DisplayContext context) in C:\Projects\HotTravel\src\Orchard\DisplayManagement\Implementation\DefaultDisplayManager.cs:line 99
   at Orchard.DisplayManagement.Implementation.DisplayHelper.ShapeExecute(Object shape) in C:\Projects\HotTravel\src\Orchard\DisplayManagement\Implementation\DisplayHelper.cs:line 86
   at Orchard.DisplayManagement.Implementation.DisplayHelper.Invoke(String name, INamedEnumerable`1 parameters) in C:\Projects\HotTravel\src\Orchard\DisplayManagement\Implementation\DisplayHelper.cs:line 44
   at Orchard.DisplayManagement.Implementation.DisplayHelper.TryInvoke(InvokeBinder binder, Object[] args, Object& result) in C:\Projects\HotTravel\src\Orchard\DisplayManagement\Implementation\DisplayHelper.cs:line 29
   at CallSite.Target(Closure , CallSite , Object , Object )
   at Orchard.Core.Shapes.CoreShapes.ContentZone(Object Display, Object Shape, TextWriter Output) in C:\Projects\HotTravel\src\Orchard.Web\Core\Shapes\CoreShapes.cs:line 303
   --- End of inner exception stack trace ---
   at System.RuntimeMethodHandle.InvokeMethod(Object target, Object[] arguments, Signature sig, Boolean constructor)
   at System.Reflection.RuntimeMethodInfo.UnsafeInvokeInternal(Object obj, Object[] parameters, Object[] arguments)
   at System.Reflection.RuntimeMethodInfo.Invoke(Object obj, BindingFlags invokeAttr, Binder binder, Object[] parameters, CultureInfo culture)
   at System.Reflection.MethodBase.Invoke(Object obj, Object[] parameters)
   at Orchard.DisplayManagement.Descriptors.ShapeAttributeStrategy.ShapeAttributeBindingStrategy.PerformInvoke(DisplayContext displayContext, MethodInfo methodInfo, Object serviceInstance) in C:\Projects\HotTravel\src\Orchard\DisplayManagement\Descriptors\ShapeAttributeStrategy\ShapeAttributeBindingStrategy.cs:line 64
   at Orchard.DisplayManagement.Descriptors.ShapeAttributeStrategy.ShapeAttributeBindingStrategy.<>c__DisplayClass5_0.<CreateDelegate>b__0(DisplayContext context) in C:\Projects\HotTravel\src\Orchard\DisplayManagement\Descriptors\ShapeAttributeStrategy\ShapeAttributeBindingStrategy.cs:line 55
   at Orchard.DisplayManagement.Descriptors.ShapeAlterationBuilder.<>c__DisplayClass7_1.<BoundAs>b__1(DisplayContext displayContext) in C:\Projects\HotTravel\src\Orchard\DisplayManagement\Descriptors\ShapeAlterationBuilder.cs:line 56
   at Orchard.DisplayManagement.Implementation.DefaultDisplayManager.Process(ShapeBinding shapeBinding, IShape shape, DisplayContext context) in C:\Projects\HotTravel\src\Orchard\DisplayManagement\Implementation\DefaultDisplayManager.cs:line 203
   at Orchard.DisplayManagement.Implementation.DefaultDisplayManager.Execute(DisplayContext context) in C:\Projects\HotTravel\src\Orchard\DisplayManagement\Implementation\DefaultDisplayManager.cs:line 99
   at Orchard.DisplayManagement.Implementation.DisplayHelper.ShapeExecute(Object shape) in C:\Projects\HotTravel\src\Orchard\DisplayManagement\Implementation\DisplayHelper.cs:line 86
   at Orchard.DisplayManagement.Implementation.DisplayHelper.Invoke(String name, INamedEnumerable`1 parameters) in C:\Projects\HotTravel\src\Orchard\DisplayManagement\Implementation\DisplayHelper.cs:line 44
   at Orchard.DisplayManagement.Implementation.DisplayHelper.TryInvoke(InvokeBinder binder, Object[] args, Object& result) in C:\Projects\HotTravel\src\Orchard\DisplayManagement\Implementation\DisplayHelper.cs:line 29
   at CallSite.Target(Closure , CallSite , Object , Object )
   at ASP._Page_Core_Contents_Views_Content_cshtml.Execute() in c:\Projects\HotTravel\src\Orchard.Web\Core\Contents\Views\Content.cshtml:line 23
   at System.Web.WebPages.WebPageBase.ExecutePageHierarchy()
   at System.Web.Mvc.WebViewPage.ExecutePageHierarchy()
   at System.Web.WebPages.WebPageBase.ExecutePageHierarchy(WebPageContext pageContext, TextWriter writer, WebPageRenderingBase startPage)
   at System.Web.Mvc.RazorView.RenderView(ViewContext viewContext, TextWriter writer, Object instance)
   at System.Web.Mvc.BuildManagerCompiledView.Render(ViewContext viewContext, TextWriter writer)
   at System.Web.Mvc.HtmlHelper.RenderPartialInternal(String partialViewName, ViewDataDictionary viewData, Object model, TextWriter writer, ViewEngineCollection viewEngineCollection)
   at System.Web.Mvc.Html.PartialExtensions.Partial(HtmlHelper htmlHelper, String partialViewName, Object model, ViewDataDictionary viewData)
   at System.Web.Mvc.Html.PartialExtensions.Partial(HtmlHelper htmlHelper, String partialViewName, Object model)
   at Orchard.DisplayManagement.Descriptors.ShapeTemplateStrategy.ShapeTemplateBindingStrategy.Render(ShapeDescriptor shapeDescriptor, DisplayContext displayContext, HarvestShapeInfo harvestShapeInfo, HarvestShapeHit harvestShapeHit) in C:\Projects\HotTravel\src\Orchard\DisplayManagement\Descriptors\ShapeTemplateStrategy\ShapeTemplateBindingStrategy.cs:line 151
   at Orchard.DisplayManagement.Descriptors.ShapeTemplateStrategy.ShapeTemplateBindingStrategy.<>c__DisplayClass20_7.<Discover>b__14(DisplayContext displayContext) in C:\Projects\HotTravel\src\Orchard\DisplayManagement\Descriptors\ShapeTemplateStrategy\ShapeTemplateBindingStrategy.cs:line 133
   at Orchard.DisplayManagement.Descriptors.ShapeAlterationBuilder.<>c__DisplayClass7_1.<BoundAs>b__1(DisplayContext displayContext) in C:\Projects\HotTravel\src\Orchard\DisplayManagement\Descriptors\ShapeAlterationBuilder.cs:line 56
   at Orchard.DisplayManagement.Implementation.DefaultDisplayManager.Process(ShapeBinding shapeBinding, IShape shape, DisplayContext context) in C:\Projects\HotTravel\src\Orchard\DisplayManagement\Implementation\DefaultDisplayManager.cs:line 203
   at Orchard.DisplayManagement.Implementation.DefaultDisplayManager.Execute(DisplayContext context) in C:\Projects\HotTravel\src\Orchard\DisplayManagement\Implementation\DefaultDisplayManager.cs:line 99
   at Orchard.DisplayManagement.Implementation.DisplayHelper.ShapeExecute(Object shape) in C:\Projects\HotTravel\src\Orchard\DisplayManagement\Implementation\DisplayHelper.cs:line 86
   at Orchard.DisplayManagement.Implementation.DisplayHelper.Invoke(String name, INamedEnumerable`1 parameters) in C:\Projects\HotTravel\src\Orchard\DisplayManagement\Implementation\DisplayHelper.cs:line 44
   at Orchard.DisplayManagement.Implementation.DisplayHelper.TryInvoke(InvokeBinder binder, Object[] args, Object& result) in C:\Projects\HotTravel\src\Orchard\DisplayManagement\Implementation\DisplayHelper.cs:line 29
   at CallSite.Target(Closure , CallSite , Object , Object )
   at ASP._Page_Modules_Orchard_Layouts_Views_Elements_ContentItem_cshtml.Execute() in c:\Projects\HotTravel\src\Orchard.Web\Modules\Orchard.Layouts\Views\Elements\ContentItem.cshtml:line 7
   at System.Web.WebPages.WebPageBase.ExecutePageHierarchy()
   at System.Web.Mvc.WebViewPage.ExecutePageHierarchy()
   at System.Web.WebPages.WebPageBase.ExecutePageHierarchy(WebPageContext pageContext, TextWriter writer, WebPageRenderingBase startPage)
   at System.Web.Mvc.RazorView.RenderView(ViewContext viewContext, TextWriter writer, Object instance)
   at System.Web.Mvc.BuildManagerCompiledView.Render(ViewContext viewContext, TextWriter writer)
   at System.Web.Mvc.HtmlHelper.RenderPartialInternal(String partialViewName, ViewDataDictionary viewData, Object model, TextWriter writer, ViewEngineCollection viewEngineCollection)
   at System.Web.Mvc.Html.PartialExtensions.Partial(HtmlHelper htmlHelper, String partialViewName, Object model, ViewDataDictionary viewData)
   at System.Web.Mvc.Html.PartialExtensions.Partial(HtmlHelper htmlHelper, String partialViewName, Object model)
   at Orchard.DisplayManagement.Descriptors.ShapeTemplateStrategy.ShapeTemplateBindingStrategy.Render(ShapeDescriptor shapeDescriptor, DisplayContext displayContext, HarvestShapeInfo harvestShapeInfo, HarvestShapeHit harvestShapeHit) in C:\Projects\HotTravel\src\Orchard\DisplayManagement\Descriptors\ShapeTemplateStrategy\ShapeTemplateBindingStrategy.cs:line 151
   at Orchard.DisplayManagement.Descriptors.ShapeTemplateStrategy.ShapeTemplateBindingStrategy.<>c__DisplayClass20_7.<Discover>b__14(DisplayContext displayContext) in C:\Projects\HotTravel\src\Orchard\DisplayManagement\Descriptors\ShapeTemplateStrategy\ShapeTemplateBindingStrategy.cs:line 133
   at Orchard.DisplayManagement.Descriptors.ShapeAlterationBuilder.<>c__DisplayClass7_1.<BoundAs>b__1(DisplayContext displayContext) in C:\Projects\HotTravel\src\Orchard\DisplayManagement\Descriptors\ShapeAlterationBuilder.cs:line 56
   at Orchard.DisplayManagement.Implementation.DefaultDisplayManager.Process(ShapeBinding shapeBinding, IShape shape, DisplayContext context) in C:\Projects\HotTravel\src\Orchard\DisplayManagement\Implementation\DefaultDisplayManager.cs:line 203
   at Orchard.DisplayManagement.Implementation.DefaultDisplayManager.Execute(DisplayContext context) in C:\Projects\HotTravel\src\Orchard\DisplayManagement\Implementation\DefaultDisplayManager.cs:line 99
   at Orchard.DisplayManagement.Implementation.DisplayHelper.ShapeExecute(Object shape) in C:\Projects\HotTravel\src\Orchard\DisplayManagement\Implementation\DisplayHelper.cs:line 86
   at Orchard.DisplayManagement.Implementation.DisplayHelper.Invoke(String name, INamedEnumerable`1 parameters) in C:\Projects\HotTravel\src\Orchard\DisplayManagement\Implementation\DisplayHelper.cs:line 44
   at Orchard.DisplayManagement.Implementation.DisplayHelper.TryInvoke(InvokeBinder binder, Object[] args, Object& result) in C:\Projects\HotTravel\src\Orchard\DisplayManagement\Implementation\DisplayHelper.cs:line 29
   at CallSite.Target(Closure , CallSite , Object , Object )
   at ASP._Page_Modules_Orchard_Layouts_Views_Elements_Column_cshtml.Execute() in c:\Projects\HotTravel\src\Orchard.Web\Modules\Orchard.Layouts\Views\Elements\Column.cshtml:line 17
   at System.Web.WebPages.WebPageBase.ExecutePageHierarchy()
   at System.Web.Mvc.WebViewPage.ExecutePageHierarchy()
   at System.Web.WebPages.WebPageBase.ExecutePageHierarchy(WebPageContext pageContext, TextWriter writer, WebPageRenderingBase startPage)
   at System.Web.Mvc.RazorView.RenderView(ViewContext viewContext, TextWriter writer, Object instance)
   at System.Web.Mvc.BuildManagerCompiledView.Render(ViewContext viewContext, TextWriter writer)
   at System.Web.Mvc.HtmlHelper.RenderPartialInternal(String partialViewName, ViewDataDictionary viewData, Object model, TextWriter writer, ViewEngineCollection viewEngineCollection)
   at System.Web.Mvc.Html.PartialExtensions.Partial(HtmlHelper htmlHelper, String partialViewName, Object model, ViewDataDictionary viewData)
   at System.Web.Mvc.Html.PartialExtensions.Partial(HtmlHelper htmlHelper, String partialViewName, Object model)
   at Orchard.DisplayManagement.Descriptors.ShapeTemplateStrategy.ShapeTemplateBindingStrategy.Render(ShapeDescriptor shapeDescriptor, DisplayContext displayContext, HarvestShapeInfo harvestShapeInfo, HarvestShapeHit harvestShapeHit) in C:\Projects\HotTravel\src\Orchard\DisplayManagement\Descriptors\ShapeTemplateStrategy\ShapeTemplateBindingStrategy.cs:line 151
   at Orchard.DisplayManagement.Descriptors.ShapeTemplateStrategy.ShapeTemplateBindingStrategy.<>c__DisplayClass20_7.<Discover>b__14(DisplayContext displayContext) in C:\Projects\HotTravel\src\Orchard\DisplayManagement\Descriptors\ShapeTemplateStrategy\ShapeTemplateBindingStrategy.cs:line 133
   at Orchard.DisplayManagement.Descriptors.ShapeAlterationBuilder.<>c__DisplayClass7_1.<BoundAs>b__1(DisplayContext displayContext) in C:\Projects\HotTravel\src\Orchard\DisplayManagement\Descriptors\ShapeAlterationBuilder.cs:line 56
   at Orchard.DisplayManagement.Implementation.DefaultDisplayManager.Process(ShapeBinding shapeBinding, IShape shape, DisplayContext context) in C:\Projects\HotTravel\src\Orchard\DisplayManagement\Implementation\DefaultDisplayManager.cs:line 203
   at Orchard.DisplayManagement.Implementation.DefaultDisplayManager.Execute(DisplayContext context) in C:\Projects\HotTravel\src\Orchard\DisplayManagement\Implementation\DefaultDisplayManager.cs:line 99
   at Orchard.DisplayManagement.Implementation.DisplayHelper.ShapeExecute(Object shape) in C:\Projects\HotTravel\src\Orchard\DisplayManagement\Implementation\DisplayHelper.cs:line 86
   at Orchard.DisplayManagement.Implementation.DisplayHelper.Invoke(String name, INamedEnumerable`1 parameters) in C:\Projects\HotTravel\src\Orchard\DisplayManagement\Implementation\DisplayHelper.cs:line 44
   at Orchard.DisplayManagement.Implementation.DisplayHelper.TryInvoke(InvokeBinder binder, Object[] args, Object& result) in C:\Projects\HotTravel\src\Orchard\DisplayManagement\Implementation\DisplayHelper.cs:line 29
   at CallSite.Target(Closure , CallSite , Object , Object )
   at Orchard.Mvc.ViewEngines.Razor.WebViewPage`1.DisplayChildren(Object shape) in C:\Projects\HotTravel\src\Orchard\Mvc\ViewEngines\Razor\WebViewPage.cs:line 177
   at ASP._Page_Modules_Orchard_Layouts_Views_Elements_Row_cshtml.Execute() in c:\Projects\HotTravel\src\Orchard.Web\Modules\Orchard.Layouts\Views\Elements\Row.cshtml:line 8
   at System.Web.WebPages.WebPageBase.ExecutePageHierarchy()
   at System.Web.Mvc.WebViewPage.ExecutePageHierarchy()
   at System.Web.WebPages.WebPageBase.ExecutePageHierarchy(WebPageContext pageContext, TextWriter writer, WebPageRenderingBase startPage)
   at System.Web.Mvc.RazorView.RenderView(ViewContext viewContext, TextWriter writer, Object instance)
   at System.Web.Mvc.BuildManagerCompiledView.Render(ViewContext viewContext, TextWriter writer)
   at System.Web.Mvc.HtmlHelper.RenderPartialInternal(String partialViewName, ViewDataDictionary viewData, Object model, TextWriter writer, ViewEngineCollection viewEngineCollection)
   at System.Web.Mvc.Html.PartialExtensions.Partial(HtmlHelper htmlHelper, String partialViewName, Object model, ViewDataDictionary viewData)
   at System.Web.Mvc.Html.PartialExtensions.Partial(HtmlHelper htmlHelper, String partialViewName, Object model)
   at Orchard.DisplayManagement.Descriptors.ShapeTemplateStrategy.ShapeTemplateBindingStrategy.Render(ShapeDescriptor shapeDescriptor, DisplayContext displayContext, HarvestShapeInfo harvestShapeInfo, HarvestShapeHit harvestShapeHit) in C:\Projects\HotTravel\src\Orchard\DisplayManagement\Descriptors\ShapeTemplateStrategy\ShapeTemplateBindingStrategy.cs:line 151
   at Orchard.DisplayManagement.Descriptors.ShapeTemplateStrategy.ShapeTemplateBindingStrategy.<>c__DisplayClass20_7.<Discover>b__14(DisplayContext displayContext) in C:\Projects\HotTravel\src\Orchard\DisplayManagement\Descriptors\ShapeTemplateStrategy\ShapeTemplateBindingStrategy.cs:line 133
   at Orchard.DisplayManagement.Descriptors.ShapeAlterationBuilder.<>c__DisplayClass7_1.<BoundAs>b__1(DisplayContext displayContext) in C:\Projects\HotTravel\src\Orchard\DisplayManagement\Descriptors\ShapeAlterationBuilder.cs:line 56
   at Orchard.DisplayManagement.Implementation.DefaultDisplayManager.Process(ShapeBinding shapeBinding, IShape shape, DisplayContext context) in C:\Projects\HotTravel\src\Orchard\DisplayManagement\Implementation\DefaultDisplayManager.cs:line 203
   at Orchard.DisplayManagement.Implementation.DefaultDisplayManager.Execute(DisplayContext context) in C:\Projects\HotTravel\src\Orchard\DisplayManagement\Implementation\DefaultDisplayManager.cs:line 99
   at Orchard.DisplayManagement.Implementation.DisplayHelper.ShapeExecute(Object shape) in C:\Projects\HotTravel\src\Orchard\DisplayManagement\Implementation\DisplayHelper.cs:line 86
   at Orchard.DisplayManagement.Implementation.DisplayHelper.Invoke(String name, INamedEnumerable`1 parameters) in C:\Projects\HotTravel\src\Orchard\DisplayManagement\Implementation\DisplayHelper.cs:line 44
   at Orchard.DisplayManagement.Implementation.DisplayHelper.TryInvoke(InvokeBinder binder, Object[] args, Object& result) in C:\Projects\HotTravel\src\Orchard\DisplayManagement\Implementation\DisplayHelper.cs:line 29
   at CallSite.Target(Closure , CallSite , Object , Object )
   at Orchard.Mvc.ViewEngines.Razor.WebViewPage`1.DisplayChildren(Object shape) in C:\Projects\HotTravel\src\Orchard\Mvc\ViewEngines\Razor\WebViewPage.cs:line 177
   at ASP._Page_Modules_Orchard_Layouts_Views_Elements_Grid_cshtml.Execute() in c:\Projects\HotTravel\src\Orchard.Web\Modules\Orchard.Layouts\Views\Elements\Grid.cshtml:line 7
   at System.Web.WebPages.WebPageBase.ExecutePageHierarchy()
   at System.Web.Mvc.WebViewPage.ExecutePageHierarchy()
   at System.Web.WebPages.WebPageBase.ExecutePageHierarchy(WebPageContext pageContext, TextWriter writer, WebPageRenderingBase startPage)
   at System.Web.Mvc.RazorView.RenderView(ViewContext viewContext, TextWriter writer, Object instance)
   at System.Web.Mvc.BuildManagerCompiledView.Render(ViewContext viewContext, TextWriter writer)
   at System.Web.Mvc.HtmlHelper.RenderPartialInternal(String partialViewName, ViewDataDictionary viewData, Object model, TextWriter writer, ViewEngineCollection viewEngineCollection)
   at System.Web.Mvc.Html.PartialExtensions.Partial(HtmlHelper htmlHelper, String partialViewName, Object model, ViewDataDictionary viewData)
   at System.Web.Mvc.Html.PartialExtensions.Partial(HtmlHelper htmlHelper, String partialViewName, Object model)
   at Orchard.DisplayManagement.Descriptors.ShapeTemplateStrategy.ShapeTemplateBindingStrategy.Render(ShapeDescriptor shapeDescriptor, DisplayContext displayContext, HarvestShapeInfo harvestShapeInfo, HarvestShapeHit harvestShapeHit) in C:\Projects\HotTravel\src\Orchard\DisplayManagement\Descriptors\ShapeTemplateStrategy\ShapeTemplateBindingStrategy.cs:line 151
   at Orchard.DisplayManagement.Descriptors.ShapeTemplateStrategy.ShapeTemplateBindingStrategy.<>c__DisplayClass20_7.<Discover>b__14(DisplayContext displayContext) in C:\Projects\HotTravel\src\Orchard\DisplayManagement\Descriptors\ShapeTemplateStrategy\ShapeTemplateBindingStrategy.cs:line 133
   at Orchard.DisplayManagement.Descriptors.ShapeAlterationBuilder.<>c__DisplayClass7_1.<BoundAs>b__1(DisplayContext displayContext) in C:\Projects\HotTravel\src\Orchard\DisplayManagement\Descriptors\ShapeAlterationBuilder.cs:line 56
   at Orchard.DisplayManagement.Implementation.DefaultDisplayManager.Process(ShapeBinding shapeBinding, IShape shape, DisplayContext context) in C:\Projects\HotTravel\src\Orchard\DisplayManagement\Implementation\DefaultDisplayManager.cs:line 203
   at Orchard.DisplayManagement.Implementation.DefaultDisplayManager.Execute(DisplayContext context) in C:\Projects\HotTravel\src\Orchard\DisplayManagement\Implementation\DefaultDisplayManager.cs:line 99
   at Orchard.DisplayManagement.Implementation.DisplayHelper.ShapeExecute(Object shape) in C:\Projects\HotTravel\src\Orchard\DisplayManagement\Implementation\DisplayHelper.cs:line 86
   at Orchard.DisplayManagement.Implementation.DisplayHelper.Invoke(String name, INamedEnumerable`1 parameters) in C:\Projects\HotTravel\src\Orchard\DisplayManagement\Implementation\DisplayHelper.cs:line 44
   at Orchard.DisplayManagement.Implementation.DisplayHelper.TryInvoke(InvokeBinder binder, Object[] args, Object& result) in C:\Projects\HotTravel\src\Orchard\DisplayManagement\Implementation\DisplayHelper.cs:line 29
   at CallSite.Target(Closure , CallSite , Object , Object )
   at Orchard.Mvc.ViewEngines.Razor.WebViewPage`1.DisplayChildren(Object shape) in C:\Projects\HotTravel\src\Orchard\Mvc\ViewEngines\Razor\WebViewPage.cs:line 177
   at ASP._Page_Modules_Orchard_Layouts_Views_Elements_Canvas_cshtml.Execute() in c:\Projects\HotTravel\src\Orchard.Web\Modules\Orchard.Layouts\Views\Elements\Canvas.cshtml:line 13
   at System.Web.WebPages.WebPageBase.ExecutePageHierarchy()
   at System.Web.Mvc.WebViewPage.ExecutePageHierarchy()
   at System.Web.WebPages.WebPageBase.ExecutePageHierarchy(WebPageContext pageContext, TextWriter writer, WebPageRenderingBase startPage)
   at System.Web.Mvc.RazorView.RenderView(ViewContext viewContext, TextWriter writer, Object instance)
   at System.Web.Mvc.BuildManagerCompiledView.Render(ViewContext viewContext, TextWriter writer)
   at System.Web.Mvc.HtmlHelper.RenderPartialInternal(String partialViewName, ViewDataDictionary viewData, Object model, TextWriter writer, ViewEngineCollection viewEngineCollection)
   at System.Web.Mvc.Html.PartialExtensions.Partial(HtmlHelper htmlHelper, String partialViewName, Object model, ViewDataDictionary viewData)
   at System.Web.Mvc.Html.PartialExtensions.Partial(HtmlHelper htmlHelper, String partialViewName, Object model)
   at Orchard.DisplayManagement.Descriptors.ShapeTemplateStrategy.ShapeTemplateBindingStrategy.Render(ShapeDescriptor shapeDescriptor, DisplayContext displayContext, HarvestShapeInfo harvestShapeInfo, HarvestShapeHit harvestShapeHit) in C:\Projects\HotTravel\src\Orchard\DisplayManagement\Descriptors\ShapeTemplateStrategy\ShapeTemplateBindingStrategy.cs:line 151
   at Orchard.DisplayManagement.Descriptors.ShapeTemplateStrategy.ShapeTemplateBindingStrategy.<>c__DisplayClass20_7.<Discover>b__14(DisplayContext displayContext) in C:\Projects\HotTravel\src\Orchard\DisplayManagement\Descriptors\ShapeTemplateStrategy\ShapeTemplateBindingStrategy.cs:line 133
   at Orchard.DisplayManagement.Descriptors.ShapeAlterationBuilder.<>c__DisplayClass7_1.<BoundAs>b__1(DisplayContext displayContext) in C:\Projects\HotTravel\src\Orchard\DisplayManagement\Descriptors\ShapeAlterationBuilder.cs:line 56
   at Orchard.DisplayManagement.Implementation.DefaultDisplayManager.Process(ShapeBinding shapeBinding, IShape shape, DisplayContext context) in C:\Projects\HotTravel\src\Orchard\DisplayManagement\Implementation\DefaultDisplayManager.cs:line 203
   at Orchard.DisplayManagement.Implementation.DefaultDisplayManager.Execute(DisplayContext context) in C:\Projects\HotTravel\src\Orchard\DisplayManagement\Implementation\DefaultDisplayManager.cs:line 99
   at Orchard.DisplayManagement.Implementation.DisplayHelper.ShapeExecute(Object shape) in C:\Projects\HotTravel\src\Orchard\DisplayManagement\Implementation\DisplayHelper.cs:line 86
   at Orchard.DisplayManagement.Implementation.DisplayHelper.Invoke(String name, INamedEnumerable`1 parameters) in C:\Projects\HotTravel\src\Orchard\DisplayManagement\Implementation\DisplayHelper.cs:line 44
   at Orchard.DisplayManagement.Implementation.DisplayHelper.TryInvoke(InvokeBinder binder, Object[] args, Object& result) in C:\Projects\HotTravel\src\Orchard\DisplayManagement\Implementation\DisplayHelper.cs:line 29
   at CallSite.Target(Closure , CallSite , Object , Object )
   at Orchard.Mvc.ViewEngines.Razor.WebViewPage`1.DisplayChildren(Object shape) in C:\Projects\HotTravel\src\Orchard\Mvc\ViewEngines\Razor\WebViewPage.cs:line 177
   at ASP._Page_Modules_Orchard_Layouts_Views_LayoutRoot_cshtml.Execute() in c:\Projects\HotTravel\src\Orchard.Web\Modules\Orchard.Layouts\Views\LayoutRoot.cshtml:line 1
   at System.Web.WebPages.WebPageBase.ExecutePageHierarchy()
   at System.Web.Mvc.WebViewPage.ExecutePageHierarchy()
   at System.Web.WebPages.WebPageBase.ExecutePageHierarchy(WebPageContext pageContext, TextWriter writer, WebPageRenderingBase startPage)
   at System.Web.Mvc.RazorView.RenderView(ViewContext viewContext, TextWriter writer, Object instance)
   at System.Web.Mvc.BuildManagerCompiledView.Render(ViewContext viewContext, TextWriter writer)
   at System.Web.Mvc.HtmlHelper.RenderPartialInternal(String partialViewName, ViewDataDictionary viewData, Object model, TextWriter writer, ViewEngineCollection viewEngineCollection)
   at System.Web.Mvc.Html.PartialExtensions.Partial(HtmlHelper htmlHelper, String partialViewName, Object model, ViewDataDictionary viewData)
   at System.Web.Mvc.Html.PartialExtensions.Partial(HtmlHelper htmlHelper, String partialViewName, Object model)
   at Orchard.DisplayManagement.Descriptors.ShapeTemplateStrategy.ShapeTemplateBindingStrategy.Render(ShapeDescriptor shapeDescriptor, DisplayContext displayContext, HarvestShapeInfo harvestShapeInfo, HarvestShapeHit harvestShapeHit) in C:\Projects\HotTravel\src\Orchard\DisplayManagement\Descriptors\ShapeTemplateStrategy\ShapeTemplateBindingStrategy.cs:line 151
   at Orchard.DisplayManagement.Descriptors.ShapeTemplateStrategy.ShapeTemplateBindingStrategy.<>c__DisplayClass20_7.<Discover>b__14(DisplayContext displayContext) in C:\Projects\HotTravel\src\Orchard\DisplayManagement\Descriptors\ShapeTemplateStrategy\ShapeTemplateBindingStrategy.cs:line 133
   at Orchard.DisplayManagement.Descriptors.ShapeAlterationBuilder.<>c__DisplayClass7_1.<BoundAs>b__1(DisplayContext displayContext) in C:\Projects\HotTravel\src\Orchard\DisplayManagement\Descriptors\ShapeAlterationBuilder.cs:line 56
   at Orchard.DisplayManagement.Implementation.DefaultDisplayManager.Process(ShapeBinding shapeBinding, IShape shape, DisplayContext context) in C:\Projects\HotTravel\src\Orchard\DisplayManagement\Implementation\DefaultDisplayManager.cs:line 203
   at Orchard.DisplayManagement.Implementation.DefaultDisplayManager.Execute(DisplayContext context) in C:\Projects\HotTravel\src\Orchard\DisplayManagement\Implementation\DefaultDisplayManager.cs:line 99
   at Orchard.DisplayManagement.Implementation.DisplayHelper.ShapeExecute(Object shape) in C:\Projects\HotTravel\src\Orchard\DisplayManagement\Implementation\DisplayHelper.cs:line 86
   at Orchard.DisplayManagement.Implementation.DisplayHelper.Invoke(String name, INamedEnumerable`1 parameters) in C:\Projects\HotTravel\src\Orchard\DisplayManagement\Implementation\DisplayHelper.cs:line 44
   at Orchard.DisplayManagement.Implementation.DisplayHelper.TryInvoke(InvokeBinder binder, Object[] args, Object& result) in C:\Projects\HotTravel\src\Orchard\DisplayManagement\Implementation\DisplayHelper.cs:line 29
   at CallSite.Target(Closure , CallSite , Object , Object )
   at ASP._Page_Modules_Orchard_Layouts_Views_Parts_Layout_cshtml.Execute() in c:\Projects\HotTravel\src\Orchard.Web\Modules\Orchard.Layouts\Views\Parts.Layout.cshtml:line 2
   at System.Web.WebPages.WebPageBase.ExecutePageHierarchy()
   at System.Web.Mvc.WebViewPage.ExecutePageHierarchy()
   at System.Web.WebPages.WebPageBase.ExecutePageHierarchy(WebPageContext pageContext, TextWriter writer, WebPageRenderingBase startPage)
   at System.Web.Mvc.RazorView.RenderView(ViewContext viewContext, TextWriter writer, Object instance)
   at System.Web.Mvc.BuildManagerCompiledView.Render(ViewContext viewContext, TextWriter writer)
   at System.Web.Mvc.HtmlHelper.RenderPartialInternal(String partialViewName, ViewDataDictionary viewData, Object model, TextWriter writer, ViewEngineCollection viewEngineCollection)
   at System.Web.Mvc.Html.PartialExtensions.Partial(HtmlHelper htmlHelper, String partialViewName, Object model, ViewDataDictionary viewData)
   at System.Web.Mvc.Html.PartialExtensions.Partial(HtmlHelper htmlHelper, String partialViewName, Object model)
   at Orchard.DisplayManagement.Descriptors.ShapeTemplateStrategy.ShapeTemplateBindingStrategy.Render(ShapeDescriptor shapeDescriptor, DisplayContext displayContext, HarvestShapeInfo harvestShapeInfo, HarvestShapeHit harvestShapeHit) in C:\Projects\HotTravel\src\Orchard\DisplayManagement\Descriptors\ShapeTemplateStrategy\ShapeTemplateBindingStrategy.cs:line 151
   at Orchard.DisplayManagement.Descriptors.ShapeTemplateStrategy.ShapeTemplateBindingStrategy.<>c__DisplayClass20_7.<Discover>b__14(DisplayContext displayContext) in C:\Projects\HotTravel\src\Orchard\DisplayManagement\Descriptors\ShapeTemplateStrategy\ShapeTemplateBindingStrategy.cs:line 133
   at Orchard.DisplayManagement.Descriptors.ShapeAlterationBuilder.<>c__DisplayClass7_1.<BoundAs>b__1(DisplayContext displayContext) in C:\Projects\HotTravel\src\Orchard\DisplayManagement\Descriptors\ShapeAlterationBuilder.cs:line 56
   at Orchard.DisplayManagement.Implementation.DefaultDisplayManager.Process(ShapeBinding shapeBinding, IShape shape, DisplayContext context) in C:\Projects\HotTravel\src\Orchard\DisplayManagement\Implementation\DefaultDisplayManager.cs:line 203
   at Orchard.DisplayManagement.Implementation.DefaultDisplayManager.Execute(DisplayContext context) in C:\Projects\HotTravel\src\Orchard\DisplayManagement\Implementation\DefaultDisplayManager.cs:line 99
   at Orchard.DisplayManagement.Implementation.DisplayHelper.ShapeExecute(Object shape) in C:\Projects\HotTravel\src\Orchard\DisplayManagement\Implementation\DisplayHelper.cs:line 86
   at Orchard.DisplayManagement.Implementation.DisplayHelper.Invoke(String name, INamedEnumerable`1 parameters) in C:\Projects\HotTravel\src\Orchard\DisplayManagement\Implementation\DisplayHelper.cs:line 44
   at Orchard.DisplayManagement.Implementation.DisplayHelper.TryInvoke(InvokeBinder binder, Object[] args, Object& result) in C:\Projects\HotTravel\src\Orchard\DisplayManagement\Implementation\DisplayHelper.cs:line 29
   at CallSite.Target(Closure , CallSite , Object , Object )
   at Orchard.Core.Shapes.CoreShapes.ContentZone(Object Display, Object Shape, TextWriter Output) in C:\Projects\HotTravel\src\Orchard.Web\Core\Shapes\CoreShapes.cs:line 303
   --- End of inner exception stack trace ---
   at System.RuntimeMethodHandle.InvokeMethod(Object target, Object[] arguments, Signature sig, Boolean constructor)
   at System.Reflection.RuntimeMethodInfo.UnsafeInvokeInternal(Object obj, Object[] parameters, Object[] arguments)
   at System.Reflection.RuntimeMethodInfo.Invoke(Object obj, BindingFlags invokeAttr, Binder binder, Object[] parameters, CultureInfo culture)
   at System.Reflection.MethodBase.Invoke(Object obj, Object[] parameters)
   at Orchard.DisplayManagement.Descriptors.ShapeAttributeStrategy.ShapeAttributeBindingStrategy.PerformInvoke(DisplayContext displayContext, MethodInfo methodInfo, Object serviceInstance) in C:\Projects\HotTravel\src\Orchard\DisplayManagement\Descriptors\ShapeAttributeStrategy\ShapeAttributeBindingStrategy.cs:line 64
   at Orchard.DisplayManagement.Descriptors.ShapeAttributeStrategy.ShapeAttributeBindingStrategy.<>c__DisplayClass5_0.<CreateDelegate>b__0(DisplayContext context) in C:\Projects\HotTravel\src\Orchard\DisplayManagement\Descriptors\ShapeAttributeStrategy\ShapeAttributeBindingStrategy.cs:line 55
   at Orchard.DisplayManagement.Descriptors.ShapeAlterationBuilder.<>c__DisplayClass7_1.<BoundAs>b__1(DisplayContext displayContext) in C:\Projects\HotTravel\src\Orchard\DisplayManagement\Descriptors\ShapeAlterationBuilder.cs:line 56
   at Orchard.DisplayManagement.Implementation.DefaultDisplayManager.Process(ShapeBinding shapeBinding, IShape shape, DisplayContext context) in C:\Projects\HotTravel\src\Orchard\DisplayManagement\Implementation\DefaultDisplayManager.cs:line 203
   at Orchard.DisplayManagement.Implementation.DefaultDisplayManager.Execute(DisplayContext context) in C:\Projects\HotTravel\src\Orchard\DisplayManagement\Implementation\DefaultDisplayManager.cs:line 99
   at Orchard.DisplayManagement.Implementation.DisplayHelper.ShapeExecute(Object shape) in C:\Projects\HotTravel\src\Orchard\DisplayManagement\Implementation\DisplayHelper.cs:line 86
   at Orchard.DisplayManagement.Implementation.DisplayHelper.Invoke(String name, INamedEnumerable`1 parameters) in C:\Projects\HotTravel\src\Orchard\DisplayManagement\Implementation\DisplayHelper.cs:line 44
   at Orchard.DisplayManagement.Implementation.DisplayHelper.TryInvoke(InvokeBinder binder, Object[] args, Object& result) in C:\Projects\HotTravel\src\Orchard\DisplayManagement\Implementation\DisplayHelper.cs:line 29
   at CallSite.Target(Closure , CallSite , Object , Object )
   at ASP._Page_Core_Contents_Views_Content_cshtml.Execute() in c:\Projects\HotTravel\src\Orchard.Web\Core\Contents\Views\Content.cshtml:line 23
   at System.Web.WebPages.WebPageBase.ExecutePageHierarchy()
   at System.Web.Mvc.WebViewPage.ExecutePageHierarchy()
   at System.Web.WebPages.WebPageBase.ExecutePageHierarchy(WebPageContext pageContext, TextWriter writer, WebPageRenderingBase startPage)
   at System.Web.Mvc.RazorView.RenderView(ViewContext viewContext, TextWriter writer, Object instance)
   at System.Web.Mvc.BuildManagerCompiledView.Render(ViewContext viewContext, TextWriter writer)
   at System.Web.Mvc.HtmlHelper.RenderPartialInternal(String partialViewName, ViewDataDictionary viewData, Object model, TextWriter writer, ViewEngineCollection viewEngineCollection)
   at System.Web.Mvc.Html.PartialExtensions.Partial(HtmlHelper htmlHelper, String partialViewName, Object model, ViewDataDictionary viewData)
   at System.Web.Mvc.Html.PartialExtensions.Partial(HtmlHelper htmlHelper, String partialViewName, Object model)
   at Orchard.DisplayManagement.Descriptors.ShapeTemplateStrategy.ShapeTemplateBindingStrategy.Render(ShapeDescriptor shapeDescriptor, DisplayContext displayContext, HarvestShapeInfo harvestShapeInfo, HarvestShapeHit harvestShapeHit) in C:\Projects\HotTravel\src\Orchard\DisplayManagement\Descriptors\ShapeTemplateStrategy\ShapeTemplateBindingStrategy.cs:line 151
   at Orchard.DisplayManagement.Descriptors.ShapeTemplateStrategy.ShapeTemplateBindingStrategy.<>c__DisplayClass20_7.<Discover>b__14(DisplayContext displayContext) in C:\Projects\HotTravel\src\Orchard\DisplayManagement\Descriptors\ShapeTemplateStrategy\ShapeTemplateBindingStrategy.cs:line 133
   at Orchard.DisplayManagement.Descriptors.ShapeAlterationBuilder.<>c__DisplayClass7_1.<BoundAs>b__1(DisplayContext displayContext) in C:\Projects\HotTravel\src\Orchard\DisplayManagement\Descriptors\ShapeAlterationBuilder.cs:line 56
   at Orchard.DisplayManagement.Implementation.DefaultDisplayManager.Process(ShapeBinding shapeBinding, IShape shape, DisplayContext context) in C:\Projects\HotTravel\src\Orchard\DisplayManagement\Implementation\DefaultDisplayManager.cs:line 203
   at Orchard.DisplayManagement.Implementation.DefaultDisplayManager.Execute(DisplayContext context) in C:\Projects\HotTravel\src\Orchard\DisplayManagement\Implementation\DefaultDisplayManager.cs:line 99
   at Orchard.DisplayManagement.Implementation.DisplayHelper.ShapeExecute(Object shape) in C:\Projects\HotTravel\src\Orchard\DisplayManagement\Implementation\DisplayHelper.cs:line 86
   at Orchard.DisplayManagement.Implementation.DisplayHelper.Invoke(String name, INamedEnumerable`1 parameters) in C:\Projects\HotTravel\src\Orchard\DisplayManagement\Implementation\DisplayHelper.cs:line 44
   at Orchard.DisplayManagement.Implementation.DisplayHelper.TryInvoke(InvokeBinder binder, Object[] args, Object& result) in C:\Projects\HotTravel\src\Orchard\DisplayManagement\Implementation\DisplayHelper.cs:line 29
   at CallSite.Target(Closure , CallSite , Object , Object )
   at ASP._Page_Core_Contents_Views_Item_Display_cshtml.Execute() in c:\Projects\HotTravel\src\Orchard.Web\Core\Contents\Views\Item\Display.cshtml:line 6
   at System.Web.WebPages.WebPageBase.ExecutePageHierarchy()
   at System.Web.Mvc.WebViewPage.ExecutePageHierarchy()
   at System.Web.WebPages.WebPageBase.ExecutePageHierarchy(WebPageContext pageContext, TextWriter writer, WebPageRenderingBase startPage)
   at System.Web.Mvc.RazorView.RenderView(ViewContext viewContext, TextWriter writer, Object instance)
   at System.Web.Mvc.BuildManagerCompiledView.Render(ViewContext viewContext, TextWriter writer)
   at Orchard.Mvc.ViewEngines.ThemeAwareness.LayoutAwareViewEngine.<>c__DisplayClass9_0.<FindView>b__0(ViewContext viewContext, TextWriter writer, IViewDataContainer viewDataContainer) in C:\Projects\HotTravel\src\Orchard\Mvc\ViewEngines\ThemeAwareness\LayoutAwareViewEngine.cs:line 59
   at Orchard.Mvc.ViewEngines.ThemeAwareness.LayoutAwareViewEngine.LayoutView.Render(ViewContext viewContext, TextWriter writer) in C:\Projects\HotTravel\src\Orchard\Mvc\ViewEngines\ThemeAwareness\LayoutAwareViewEngine.cs:line 90
   at System.Web.Mvc.ViewResultBase.ExecuteResult(ControllerContext context)
   at System.Web.Mvc.ControllerActionInvoker.InvokeActionResult(ControllerContext controllerContext, ActionResult actionResult)
   at System.Web.Mvc.ControllerActionInvoker.InvokeActionResultFilterRecursive(IList`1 filters, Int32 filterIndex, ResultExecutingContext preContext, ControllerContext controllerContext, ActionResult actionResult)
   at System.Web.Mvc.ControllerActionInvoker.InvokeActionResultFilterRecursive(IList`1 filters, Int32 filterIndex, ResultExecutingContext preContext, ControllerContext controllerContext, ActionResult actionResult)
   at System.Web.Mvc.ControllerActionInvoker.InvokeActionResultFilterRecursive(IList`1 filters, Int32 filterIndex, ResultExecutingContext preContext, ControllerContext controllerContext, ActionResult actionResult)
   at System.Web.Mvc.ControllerActionInvoker.InvokeActionResultFilterRecursive(IList`1 filters, Int32 filterIndex, ResultExecutingContext preContext, ControllerContext controllerContext, ActionResult actionResult)
   at System.Web.Mvc.ControllerActionInvoker.InvokeActionResultFilterRecursive(IList`1 filters, Int32 filterIndex, ResultExecutingContext preContext, ControllerContext controllerContext, ActionResult actionResult)
   at System.Web.Mvc.ControllerActionInvoker.InvokeActionResultFilterRecursive(IList`1 filters, Int32 filterIndex, ResultExecutingContext preContext, ControllerContext controllerContext, ActionResult actionResult)
   at System.Web.Mvc.ControllerActionInvoker.InvokeActionResultFilterRecursive(IList`1 filters, Int32 filterIndex, ResultExecutingContext preContext, ControllerContext controllerContext, ActionResult actionResult)
   at System.Web.Mvc.ControllerActionInvoker.InvokeActionResultFilterRecursive(IList`1 filters, Int32 filterIndex, ResultExecutingContext preContext, ControllerContext controllerContext, ActionResult actionResult)
