2016-07-07 09:44:51,498 [8] Orchard.Environment.DefaultBuildManager - Default - WARN Error when compiling assembly under ~/Modules/Orchard.ImageGallery/lib/ICSharpCode.SharpZipLib.dll.
System.Web.HttpException (0x80004005): There is no build provider registered for the extension '.dll'. You can register one in the <compilation><buildProviders> section in machine.config or web.config. Make sure is has a BuildProviderAppliesToAttribute attribute which includes the value 'Web' or 'All'.
   at System.Web.Compilation.CompilationUtil.GetBuildProviderTypeFromExtension(CompilationSection config, String extension, BuildProviderAppliesTo neededFor, Boolean failIfUnknown)
   at System.Web.Compilation.BuildManager.CreateBuildProvider(VirtualPath virtualPath, BuildProviderAppliesTo neededFor, CompilationSection compConfig, ICollection referencedAssemblies, Boolean failIfUnknown)
   at System.Web.Compilation.BuildManager.CompileWebFile(VirtualPath virtualPath)
   at System.Web.Compilation.BuildManager.GetVPathBuildResultInternal(VirtualPath virtualPath, Boolean noBuild, Boolean allowCrossApp, Boolean allowBuildInPrecompile, Boolean throwIfNotFound, Boolean ensureIsUpToDate)
   at System.Web.Compilation.BuildManager.GetVPathBuildResultWithNoAssert(HttpContext context, VirtualPath virtualPath, Boolean noBuild, Boolean allowCrossApp, Boolean allowBuildInPrecompile, Boolean throwIfNotFound, Boolean ensureIsUpToDate)
   at System.Web.Compilation.BuildManager.GetVPathBuildResult(HttpContext context, VirtualPath virtualPath, Boolean noBuild, Boolean allowCrossApp, Boolean allowBuildInPrecompile, Boolean ensureIsUpToDate)
   at System.Web.Compilation.BuildManager.GetCompiledAssembly(String virtualPath)
   at Orchard.Environment.DefaultBuildManager.GetCompiledAssembly(String virtualPath) in C:\Projects\HotTravel\src\Orchard\Environment\IBuildManager.cs:line 53
2016-07-07 09:44:51,820 [8] Orchard.Environment.DefaultBuildManager - Default - WARN Error when compiling assembly under ~/Modules/Orchard.ImageGallery/bin/Ionic.Zip.dll.
System.Web.HttpException (0x80004005): There is no build provider registered for the extension '.dll'. You can register one in the <compilation><buildProviders> section in machine.config or web.config. Make sure is has a BuildProviderAppliesToAttribute attribute which includes the value 'Web' or 'All'.
   at System.Web.Compilation.CompilationUtil.GetBuildProviderTypeFromExtension(CompilationSection config, String extension, BuildProviderAppliesTo neededFor, Boolean failIfUnknown)
   at System.Web.Compilation.BuildManager.CreateBuildProvider(VirtualPath virtualPath, BuildProviderAppliesTo neededFor, CompilationSection compConfig, ICollection referencedAssemblies, Boolean failIfUnknown)
   at System.Web.Compilation.BuildManager.CompileWebFile(VirtualPath virtualPath)
   at System.Web.Compilation.BuildManager.GetVPathBuildResultInternal(VirtualPath virtualPath, Boolean noBuild, Boolean allowCrossApp, Boolean allowBuildInPrecompile, Boolean throwIfNotFound, Boolean ensureIsUpToDate)
   at System.Web.Compilation.BuildManager.GetVPathBuildResultWithNoAssert(HttpContext context, VirtualPath virtualPath, Boolean noBuild, Boolean allowCrossApp, Boolean allowBuildInPrecompile, Boolean throwIfNotFound, Boolean ensureIsUpToDate)
   at System.Web.Compilation.BuildManager.GetVPathBuildResult(HttpContext context, VirtualPath virtualPath, Boolean noBuild, Boolean allowCrossApp, Boolean allowBuildInPrecompile, Boolean ensureIsUpToDate)
   at System.Web.Compilation.BuildManager.GetCompiledAssembly(String virtualPath)
   at Orchard.Environment.DefaultBuildManager.GetCompiledAssembly(String virtualPath) in C:\Projects\HotTravel\src\Orchard\Environment\IBuildManager.cs:line 53
2016-07-07 09:44:51,951 [8] Orchard.Environment.DefaultBuildManager - Default - WARN Error when compiling assembly under ~/Modules/Orchard.ImageGallery/lib/ICSharpCode.SharpZipLib.dll.
System.Web.HttpException (0x80004005): There is no build provider registered for the extension '.dll'. You can register one in the <compilation><buildProviders> section in machine.config or web.config. Make sure is has a BuildProviderAppliesToAttribute attribute which includes the value 'Web' or 'All'.
   at System.Web.Compilation.CompilationUtil.GetBuildProviderTypeFromExtension(CompilationSection config, String extension, BuildProviderAppliesTo neededFor, Boolean failIfUnknown)
   at System.Web.Compilation.BuildManager.CreateBuildProvider(VirtualPath virtualPath, BuildProviderAppliesTo neededFor, CompilationSection compConfig, ICollection referencedAssemblies, Boolean failIfUnknown)
   at System.Web.Compilation.BuildManager.CompileWebFile(VirtualPath virtualPath)
   at System.Web.Compilation.BuildManager.GetVPathBuildResultInternal(VirtualPath virtualPath, Boolean noBuild, Boolean allowCrossApp, Boolean allowBuildInPrecompile, Boolean throwIfNotFound, Boolean ensureIsUpToDate)
   at System.Web.Compilation.BuildManager.GetVPathBuildResultWithNoAssert(HttpContext context, VirtualPath virtualPath, Boolean noBuild, Boolean allowCrossApp, Boolean allowBuildInPrecompile, Boolean throwIfNotFound, Boolean ensureIsUpToDate)
   at System.Web.Compilation.BuildManager.GetVPathBuildResult(HttpContext context, VirtualPath virtualPath, Boolean noBuild, Boolean allowCrossApp, Boolean allowBuildInPrecompile, Boolean ensureIsUpToDate)
   at System.Web.Compilation.BuildManager.GetCompiledAssembly(String virtualPath)
   at Orchard.Environment.DefaultBuildManager.GetCompiledAssembly(String virtualPath) in C:\Projects\HotTravel\src\Orchard\Environment\IBuildManager.cs:line 53
2016-07-07 09:44:51,959 [8] Orchard.Environment.DefaultBuildManager - Default - WARN Error when compiling assembly under ~/Modules/Orchard.ImageGallery/bin/Ionic.Zip.dll.
System.Web.HttpException (0x80004005): There is no build provider registered for the extension '.dll'. You can register one in the <compilation><buildProviders> section in machine.config or web.config. Make sure is has a BuildProviderAppliesToAttribute attribute which includes the value 'Web' or 'All'.
   at System.Web.Compilation.CompilationUtil.GetBuildProviderTypeFromExtension(CompilationSection config, String extension, BuildProviderAppliesTo neededFor, Boolean failIfUnknown)
   at System.Web.Compilation.BuildManager.CreateBuildProvider(VirtualPath virtualPath, BuildProviderAppliesTo neededFor, CompilationSection compConfig, ICollection referencedAssemblies, Boolean failIfUnknown)
   at System.Web.Compilation.BuildManager.CompileWebFile(VirtualPath virtualPath)
   at System.Web.Compilation.BuildManager.GetVPathBuildResultInternal(VirtualPath virtualPath, Boolean noBuild, Boolean allowCrossApp, Boolean allowBuildInPrecompile, Boolean throwIfNotFound, Boolean ensureIsUpToDate)
   at System.Web.Compilation.BuildManager.GetVPathBuildResultWithNoAssert(HttpContext context, VirtualPath virtualPath, Boolean noBuild, Boolean allowCrossApp, Boolean allowBuildInPrecompile, Boolean throwIfNotFound, Boolean ensureIsUpToDate)
   at System.Web.Compilation.BuildManager.GetVPathBuildResult(HttpContext context, VirtualPath virtualPath, Boolean noBuild, Boolean allowCrossApp, Boolean allowBuildInPrecompile, Boolean ensureIsUpToDate)
   at System.Web.Compilation.BuildManager.GetCompiledAssembly(String virtualPath)
   at Orchard.Environment.DefaultBuildManager.GetCompiledAssembly(String virtualPath) in C:\Projects\HotTravel\src\Orchard\Environment\IBuildManager.cs:line 53
2016-07-07 09:44:51,989 [8] Orchard.Environment.DefaultBuildManager - Default - WARN Error when compiling assembly under ~/Modules/Orchard.ImageGallery/lib/ICSharpCode.SharpZipLib.dll.
System.Web.HttpException (0x80004005): There is no build provider registered for the extension '.dll'. You can register one in the <compilation><buildProviders> section in machine.config or web.config. Make sure is has a BuildProviderAppliesToAttribute attribute which includes the value 'Web' or 'All'.
   at System.Web.Compilation.CompilationUtil.GetBuildProviderTypeFromExtension(CompilationSection config, String extension, BuildProviderAppliesTo neededFor, Boolean failIfUnknown)
   at System.Web.Compilation.BuildManager.CreateBuildProvider(VirtualPath virtualPath, BuildProviderAppliesTo neededFor, CompilationSection compConfig, ICollection referencedAssemblies, Boolean failIfUnknown)
   at System.Web.Compilation.BuildManager.CompileWebFile(VirtualPath virtualPath)
   at System.Web.Compilation.BuildManager.GetVPathBuildResultInternal(VirtualPath virtualPath, Boolean noBuild, Boolean allowCrossApp, Boolean allowBuildInPrecompile, Boolean throwIfNotFound, Boolean ensureIsUpToDate)
   at System.Web.Compilation.BuildManager.GetVPathBuildResultWithNoAssert(HttpContext context, VirtualPath virtualPath, Boolean noBuild, Boolean allowCrossApp, Boolean allowBuildInPrecompile, Boolean throwIfNotFound, Boolean ensureIsUpToDate)
   at System.Web.Compilation.BuildManager.GetVPathBuildResult(HttpContext context, VirtualPath virtualPath, Boolean noBuild, Boolean allowCrossApp, Boolean allowBuildInPrecompile, Boolean ensureIsUpToDate)
   at System.Web.Compilation.BuildManager.GetCompiledAssembly(String virtualPath)
   at Orchard.Environment.DefaultBuildManager.GetCompiledAssembly(String virtualPath) in C:\Projects\HotTravel\src\Orchard\Environment\IBuildManager.cs:line 53
2016-07-07 09:44:51,996 [8] Orchard.Environment.DefaultBuildManager - Default - WARN Error when compiling assembly under ~/Modules/Orchard.ImageGallery/bin/Ionic.Zip.dll.
System.Web.HttpException (0x80004005): There is no build provider registered for the extension '.dll'. You can register one in the <compilation><buildProviders> section in machine.config or web.config. Make sure is has a BuildProviderAppliesToAttribute attribute which includes the value 'Web' or 'All'.
   at System.Web.Compilation.CompilationUtil.GetBuildProviderTypeFromExtension(CompilationSection config, String extension, BuildProviderAppliesTo neededFor, Boolean failIfUnknown)
   at System.Web.Compilation.BuildManager.CreateBuildProvider(VirtualPath virtualPath, BuildProviderAppliesTo neededFor, CompilationSection compConfig, ICollection referencedAssemblies, Boolean failIfUnknown)
   at System.Web.Compilation.BuildManager.CompileWebFile(VirtualPath virtualPath)
   at System.Web.Compilation.BuildManager.GetVPathBuildResultInternal(VirtualPath virtualPath, Boolean noBuild, Boolean allowCrossApp, Boolean allowBuildInPrecompile, Boolean throwIfNotFound, Boolean ensureIsUpToDate)
   at System.Web.Compilation.BuildManager.GetVPathBuildResultWithNoAssert(HttpContext context, VirtualPath virtualPath, Boolean noBuild, Boolean allowCrossApp, Boolean allowBuildInPrecompile, Boolean throwIfNotFound, Boolean ensureIsUpToDate)
   at System.Web.Compilation.BuildManager.GetVPathBuildResult(HttpContext context, VirtualPath virtualPath, Boolean noBuild, Boolean allowCrossApp, Boolean allowBuildInPrecompile, Boolean ensureIsUpToDate)
   at System.Web.Compilation.BuildManager.GetCompiledAssembly(String virtualPath)
   at Orchard.Environment.DefaultBuildManager.GetCompiledAssembly(String virtualPath) in C:\Projects\HotTravel\src\Orchard\Environment\IBuildManager.cs:line 53
2016-07-07 09:44:52,037 [8] Orchard.Environment.DefaultBuildManager - Default - WARN Error when compiling assembly under ~/Modules/Orchard.ImageGallery/lib/ICSharpCode.SharpZipLib.dll.
System.Web.HttpException (0x80004005): There is no build provider registered for the extension '.dll'. You can register one in the <compilation><buildProviders> section in machine.config or web.config. Make sure is has a BuildProviderAppliesToAttribute attribute which includes the value 'Web' or 'All'.
   at System.Web.Compilation.CompilationUtil.GetBuildProviderTypeFromExtension(CompilationSection config, String extension, BuildProviderAppliesTo neededFor, Boolean failIfUnknown)
   at System.Web.Compilation.BuildManager.CreateBuildProvider(VirtualPath virtualPath, BuildProviderAppliesTo neededFor, CompilationSection compConfig, ICollection referencedAssemblies, Boolean failIfUnknown)
   at System.Web.Compilation.BuildManager.CompileWebFile(VirtualPath virtualPath)
   at System.Web.Compilation.BuildManager.GetVPathBuildResultInternal(VirtualPath virtualPath, Boolean noBuild, Boolean allowCrossApp, Boolean allowBuildInPrecompile, Boolean throwIfNotFound, Boolean ensureIsUpToDate)
   at System.Web.Compilation.BuildManager.GetVPathBuildResultWithNoAssert(HttpContext context, VirtualPath virtualPath, Boolean noBuild, Boolean allowCrossApp, Boolean allowBuildInPrecompile, Boolean throwIfNotFound, Boolean ensureIsUpToDate)
   at System.Web.Compilation.BuildManager.GetVPathBuildResult(HttpContext context, VirtualPath virtualPath, Boolean noBuild, Boolean allowCrossApp, Boolean allowBuildInPrecompile, Boolean ensureIsUpToDate)
   at System.Web.Compilation.BuildManager.GetCompiledAssembly(String virtualPath)
   at Orchard.Environment.DefaultBuildManager.GetCompiledAssembly(String virtualPath) in C:\Projects\HotTravel\src\Orchard\Environment\IBuildManager.cs:line 53
2016-07-07 09:44:52,043 [8] Orchard.Environment.DefaultBuildManager - Default - WARN Error when compiling assembly under ~/Modules/Orchard.ImageGallery/bin/Ionic.Zip.dll.
System.Web.HttpException (0x80004005): There is no build provider registered for the extension '.dll'. You can register one in the <compilation><buildProviders> section in machine.config or web.config. Make sure is has a BuildProviderAppliesToAttribute attribute which includes the value 'Web' or 'All'.
   at System.Web.Compilation.CompilationUtil.GetBuildProviderTypeFromExtension(CompilationSection config, String extension, BuildProviderAppliesTo neededFor, Boolean failIfUnknown)
   at System.Web.Compilation.BuildManager.CreateBuildProvider(VirtualPath virtualPath, BuildProviderAppliesTo neededFor, CompilationSection compConfig, ICollection referencedAssemblies, Boolean failIfUnknown)
   at System.Web.Compilation.BuildManager.CompileWebFile(VirtualPath virtualPath)
   at System.Web.Compilation.BuildManager.GetVPathBuildResultInternal(VirtualPath virtualPath, Boolean noBuild, Boolean allowCrossApp, Boolean allowBuildInPrecompile, Boolean throwIfNotFound, Boolean ensureIsUpToDate)
   at System.Web.Compilation.BuildManager.GetVPathBuildResultWithNoAssert(HttpContext context, VirtualPath virtualPath, Boolean noBuild, Boolean allowCrossApp, Boolean allowBuildInPrecompile, Boolean throwIfNotFound, Boolean ensureIsUpToDate)
   at System.Web.Compilation.BuildManager.GetVPathBuildResult(HttpContext context, VirtualPath virtualPath, Boolean noBuild, Boolean allowCrossApp, Boolean allowBuildInPrecompile, Boolean ensureIsUpToDate)
   at System.Web.Compilation.BuildManager.GetCompiledAssembly(String virtualPath)
   at Orchard.Environment.DefaultBuildManager.GetCompiledAssembly(String virtualPath) in C:\Projects\HotTravel\src\Orchard\Environment\IBuildManager.cs:line 53
2016-07-07 09:44:52,080 [8] Orchard.Environment.DefaultBuildManager - Default - WARN Error when compiling assembly under ~/Modules/Orchard.ImageGallery/lib/ICSharpCode.SharpZipLib.dll.
System.Web.HttpException (0x80004005): There is no build provider registered for the extension '.dll'. You can register one in the <compilation><buildProviders> section in machine.config or web.config. Make sure is has a BuildProviderAppliesToAttribute attribute which includes the value 'Web' or 'All'.
   at System.Web.Compilation.CompilationUtil.GetBuildProviderTypeFromExtension(CompilationSection config, String extension, BuildProviderAppliesTo neededFor, Boolean failIfUnknown)
   at System.Web.Compilation.BuildManager.CreateBuildProvider(VirtualPath virtualPath, BuildProviderAppliesTo neededFor, CompilationSection compConfig, ICollection referencedAssemblies, Boolean failIfUnknown)
   at System.Web.Compilation.BuildManager.CompileWebFile(VirtualPath virtualPath)
   at System.Web.Compilation.BuildManager.GetVPathBuildResultInternal(VirtualPath virtualPath, Boolean noBuild, Boolean allowCrossApp, Boolean allowBuildInPrecompile, Boolean throwIfNotFound, Boolean ensureIsUpToDate)
   at System.Web.Compilation.BuildManager.GetVPathBuildResultWithNoAssert(HttpContext context, VirtualPath virtualPath, Boolean noBuild, Boolean allowCrossApp, Boolean allowBuildInPrecompile, Boolean throwIfNotFound, Boolean ensureIsUpToDate)
   at System.Web.Compilation.BuildManager.GetVPathBuildResult(HttpContext context, VirtualPath virtualPath, Boolean noBuild, Boolean allowCrossApp, Boolean allowBuildInPrecompile, Boolean ensureIsUpToDate)
   at System.Web.Compilation.BuildManager.GetCompiledAssembly(String virtualPath)
   at Orchard.Environment.DefaultBuildManager.GetCompiledAssembly(String virtualPath) in C:\Projects\HotTravel\src\Orchard\Environment\IBuildManager.cs:line 53
2016-07-07 09:44:52,088 [8] Orchard.Environment.DefaultBuildManager - Default - WARN Error when compiling assembly under ~/Modules/Orchard.ImageGallery/bin/Ionic.Zip.dll.
System.Web.HttpException (0x80004005): There is no build provider registered for the extension '.dll'. You can register one in the <compilation><buildProviders> section in machine.config or web.config. Make sure is has a BuildProviderAppliesToAttribute attribute which includes the value 'Web' or 'All'.
   at System.Web.Compilation.CompilationUtil.GetBuildProviderTypeFromExtension(CompilationSection config, String extension, BuildProviderAppliesTo neededFor, Boolean failIfUnknown)
   at System.Web.Compilation.BuildManager.CreateBuildProvider(VirtualPath virtualPath, BuildProviderAppliesTo neededFor, CompilationSection compConfig, ICollection referencedAssemblies, Boolean failIfUnknown)
   at System.Web.Compilation.BuildManager.CompileWebFile(VirtualPath virtualPath)
   at System.Web.Compilation.BuildManager.GetVPathBuildResultInternal(VirtualPath virtualPath, Boolean noBuild, Boolean allowCrossApp, Boolean allowBuildInPrecompile, Boolean throwIfNotFound, Boolean ensureIsUpToDate)
   at System.Web.Compilation.BuildManager.GetVPathBuildResultWithNoAssert(HttpContext context, VirtualPath virtualPath, Boolean noBuild, Boolean allowCrossApp, Boolean allowBuildInPrecompile, Boolean throwIfNotFound, Boolean ensureIsUpToDate)
   at System.Web.Compilation.BuildManager.GetVPathBuildResult(HttpContext context, VirtualPath virtualPath, Boolean noBuild, Boolean allowCrossApp, Boolean allowBuildInPrecompile, Boolean ensureIsUpToDate)
   at System.Web.Compilation.BuildManager.GetCompiledAssembly(String virtualPath)
   at Orchard.Environment.DefaultBuildManager.GetCompiledAssembly(String virtualPath) in C:\Projects\HotTravel\src\Orchard\Environment\IBuildManager.cs:line 53
2016-07-07 09:44:52,111 [8] Orchard.Environment.DefaultBuildManager - Default - WARN Error when compiling assembly under ~/Modules/Orchard.ImageGallery/lib/ICSharpCode.SharpZipLib.dll.
System.Web.HttpException (0x80004005): There is no build provider registered for the extension '.dll'. You can register one in the <compilation><buildProviders> section in machine.config or web.config. Make sure is has a BuildProviderAppliesToAttribute attribute which includes the value 'Web' or 'All'.
   at System.Web.Compilation.CompilationUtil.GetBuildProviderTypeFromExtension(CompilationSection config, String extension, BuildProviderAppliesTo neededFor, Boolean failIfUnknown)
   at System.Web.Compilation.BuildManager.CreateBuildProvider(VirtualPath virtualPath, BuildProviderAppliesTo neededFor, CompilationSection compConfig, ICollection referencedAssemblies, Boolean failIfUnknown)
   at System.Web.Compilation.BuildManager.CompileWebFile(VirtualPath virtualPath)
   at System.Web.Compilation.BuildManager.GetVPathBuildResultInternal(VirtualPath virtualPath, Boolean noBuild, Boolean allowCrossApp, Boolean allowBuildInPrecompile, Boolean throwIfNotFound, Boolean ensureIsUpToDate)
   at System.Web.Compilation.BuildManager.GetVPathBuildResultWithNoAssert(HttpContext context, VirtualPath virtualPath, Boolean noBuild, Boolean allowCrossApp, Boolean allowBuildInPrecompile, Boolean throwIfNotFound, Boolean ensureIsUpToDate)
   at System.Web.Compilation.BuildManager.GetVPathBuildResult(HttpContext context, VirtualPath virtualPath, Boolean noBuild, Boolean allowCrossApp, Boolean allowBuildInPrecompile, Boolean ensureIsUpToDate)
   at System.Web.Compilation.BuildManager.GetCompiledAssembly(String virtualPath)
   at Orchard.Environment.DefaultBuildManager.GetCompiledAssembly(String virtualPath) in C:\Projects\HotTravel\src\Orchard\Environment\IBuildManager.cs:line 53
2016-07-07 09:44:52,118 [8] Orchard.Environment.DefaultBuildManager - Default - WARN Error when compiling assembly under ~/Modules/Orchard.ImageGallery/bin/Ionic.Zip.dll.
System.Web.HttpException (0x80004005): There is no build provider registered for the extension '.dll'. You can register one in the <compilation><buildProviders> section in machine.config or web.config. Make sure is has a BuildProviderAppliesToAttribute attribute which includes the value 'Web' or 'All'.
   at System.Web.Compilation.CompilationUtil.GetBuildProviderTypeFromExtension(CompilationSection config, String extension, BuildProviderAppliesTo neededFor, Boolean failIfUnknown)
   at System.Web.Compilation.BuildManager.CreateBuildProvider(VirtualPath virtualPath, BuildProviderAppliesTo neededFor, CompilationSection compConfig, ICollection referencedAssemblies, Boolean failIfUnknown)
   at System.Web.Compilation.BuildManager.CompileWebFile(VirtualPath virtualPath)
   at System.Web.Compilation.BuildManager.GetVPathBuildResultInternal(VirtualPath virtualPath, Boolean noBuild, Boolean allowCrossApp, Boolean allowBuildInPrecompile, Boolean throwIfNotFound, Boolean ensureIsUpToDate)
   at System.Web.Compilation.BuildManager.GetVPathBuildResultWithNoAssert(HttpContext context, VirtualPath virtualPath, Boolean noBuild, Boolean allowCrossApp, Boolean allowBuildInPrecompile, Boolean throwIfNotFound, Boolean ensureIsUpToDate)
   at System.Web.Compilation.BuildManager.GetVPathBuildResult(HttpContext context, VirtualPath virtualPath, Boolean noBuild, Boolean allowCrossApp, Boolean allowBuildInPrecompile, Boolean ensureIsUpToDate)
   at System.Web.Compilation.BuildManager.GetCompiledAssembly(String virtualPath)
   at Orchard.Environment.DefaultBuildManager.GetCompiledAssembly(String virtualPath) in C:\Projects\HotTravel\src\Orchard\Environment\IBuildManager.cs:line 53
2016-07-07 09:48:31,726 [22] Orchard.Environment.DefaultBuildManager - Default - WARN Error when compiling assembly under ~/Modules/Orchard.ImageGallery/lib/ICSharpCode.SharpZipLib.dll.
System.Web.HttpException (0x80004005): There is no build provider registered for the extension '.dll'. You can register one in the <compilation><buildProviders> section in machine.config or web.config. Make sure is has a BuildProviderAppliesToAttribute attribute which includes the value 'Web' or 'All'.
   at System.Web.Compilation.CompilationUtil.GetBuildProviderTypeFromExtension(CompilationSection config, String extension, BuildProviderAppliesTo neededFor, Boolean failIfUnknown)
   at System.Web.Compilation.BuildManager.CreateBuildProvider(VirtualPath virtualPath, BuildProviderAppliesTo neededFor, CompilationSection compConfig, ICollection referencedAssemblies, Boolean failIfUnknown)
   at System.Web.Compilation.BuildManager.CompileWebFile(VirtualPath virtualPath)
   at System.Web.Compilation.BuildManager.GetVPathBuildResultInternal(VirtualPath virtualPath, Boolean noBuild, Boolean allowCrossApp, Boolean allowBuildInPrecompile, Boolean throwIfNotFound, Boolean ensureIsUpToDate)
   at System.Web.Compilation.BuildManager.GetVPathBuildResultWithNoAssert(HttpContext context, VirtualPath virtualPath, Boolean noBuild, Boolean allowCrossApp, Boolean allowBuildInPrecompile, Boolean throwIfNotFound, Boolean ensureIsUpToDate)
   at System.Web.Compilation.BuildManager.GetVPathBuildResult(HttpContext context, VirtualPath virtualPath, Boolean noBuild, Boolean allowCrossApp, Boolean allowBuildInPrecompile, Boolean ensureIsUpToDate)
   at System.Web.Compilation.BuildManager.GetCompiledAssembly(String virtualPath)
   at Orchard.Environment.DefaultBuildManager.GetCompiledAssembly(String virtualPath) in C:\Projects\HotTravel\src\Orchard\Environment\IBuildManager.cs:line 53
2016-07-07 09:48:31,737 [22] Orchard.Environment.DefaultBuildManager - Default - WARN Error when compiling assembly under ~/Modules/Orchard.ImageGallery/bin/Ionic.Zip.dll.
System.Web.HttpException (0x80004005): There is no build provider registered for the extension '.dll'. You can register one in the <compilation><buildProviders> section in machine.config or web.config. Make sure is has a BuildProviderAppliesToAttribute attribute which includes the value 'Web' or 'All'.
   at System.Web.Compilation.CompilationUtil.GetBuildProviderTypeFromExtension(CompilationSection config, String extension, BuildProviderAppliesTo neededFor, Boolean failIfUnknown)
   at System.Web.Compilation.BuildManager.CreateBuildProvider(VirtualPath virtualPath, BuildProviderAppliesTo neededFor, CompilationSection compConfig, ICollection referencedAssemblies, Boolean failIfUnknown)
   at System.Web.Compilation.BuildManager.CompileWebFile(VirtualPath virtualPath)
   at System.Web.Compilation.BuildManager.GetVPathBuildResultInternal(VirtualPath virtualPath, Boolean noBuild, Boolean allowCrossApp, Boolean allowBuildInPrecompile, Boolean throwIfNotFound, Boolean ensureIsUpToDate)
   at System.Web.Compilation.BuildManager.GetVPathBuildResultWithNoAssert(HttpContext context, VirtualPath virtualPath, Boolean noBuild, Boolean allowCrossApp, Boolean allowBuildInPrecompile, Boolean throwIfNotFound, Boolean ensureIsUpToDate)
   at System.Web.Compilation.BuildManager.GetVPathBuildResult(HttpContext context, VirtualPath virtualPath, Boolean noBuild, Boolean allowCrossApp, Boolean allowBuildInPrecompile, Boolean ensureIsUpToDate)
   at System.Web.Compilation.BuildManager.GetCompiledAssembly(String virtualPath)
   at Orchard.Environment.DefaultBuildManager.GetCompiledAssembly(String virtualPath) in C:\Projects\HotTravel\src\Orchard\Environment\IBuildManager.cs:line 53
2016-07-07 09:48:54,897 [13] Orchard.Environment.DefaultBuildManager - Default - WARN Error when compiling assembly under ~/Modules/Orchard.ImageGallery/lib/ICSharpCode.SharpZipLib.dll.
System.Web.HttpException (0x80004005): There is no build provider registered for the extension '.dll'. You can register one in the <compilation><buildProviders> section in machine.config or web.config. Make sure is has a BuildProviderAppliesToAttribute attribute which includes the value 'Web' or 'All'.
   at System.Web.Compilation.CompilationUtil.GetBuildProviderTypeFromExtension(CompilationSection config, String extension, BuildProviderAppliesTo neededFor, Boolean failIfUnknown)
   at System.Web.Compilation.BuildManager.CreateBuildProvider(VirtualPath virtualPath, BuildProviderAppliesTo neededFor, CompilationSection compConfig, ICollection referencedAssemblies, Boolean failIfUnknown)
   at System.Web.Compilation.BuildManager.CompileWebFile(VirtualPath virtualPath)
   at System.Web.Compilation.BuildManager.GetVPathBuildResultInternal(VirtualPath virtualPath, Boolean noBuild, Boolean allowCrossApp, Boolean allowBuildInPrecompile, Boolean throwIfNotFound, Boolean ensureIsUpToDate)
   at System.Web.Compilation.BuildManager.GetVPathBuildResultWithNoAssert(HttpContext context, VirtualPath virtualPath, Boolean noBuild, Boolean allowCrossApp, Boolean allowBuildInPrecompile, Boolean throwIfNotFound, Boolean ensureIsUpToDate)
   at System.Web.Compilation.BuildManager.GetVPathBuildResult(HttpContext context, VirtualPath virtualPath, Boolean noBuild, Boolean allowCrossApp, Boolean allowBuildInPrecompile, Boolean ensureIsUpToDate)
   at System.Web.Compilation.BuildManager.GetCompiledAssembly(String virtualPath)
   at Orchard.Environment.DefaultBuildManager.GetCompiledAssembly(String virtualPath) in C:\Projects\HotTravel\src\Orchard\Environment\IBuildManager.cs:line 53
2016-07-07 09:48:54,906 [13] Orchard.Environment.DefaultBuildManager - Default - WARN Error when compiling assembly under ~/Modules/Orchard.ImageGallery/bin/Ionic.Zip.dll.
System.Web.HttpException (0x80004005): There is no build provider registered for the extension '.dll'. You can register one in the <compilation><buildProviders> section in machine.config or web.config. Make sure is has a BuildProviderAppliesToAttribute attribute which includes the value 'Web' or 'All'.
   at System.Web.Compilation.CompilationUtil.GetBuildProviderTypeFromExtension(CompilationSection config, String extension, BuildProviderAppliesTo neededFor, Boolean failIfUnknown)
   at System.Web.Compilation.BuildManager.CreateBuildProvider(VirtualPath virtualPath, BuildProviderAppliesTo neededFor, CompilationSection compConfig, ICollection referencedAssemblies, Boolean failIfUnknown)
   at System.Web.Compilation.BuildManager.CompileWebFile(VirtualPath virtualPath)
   at System.Web.Compilation.BuildManager.GetVPathBuildResultInternal(VirtualPath virtualPath, Boolean noBuild, Boolean allowCrossApp, Boolean allowBuildInPrecompile, Boolean throwIfNotFound, Boolean ensureIsUpToDate)
   at System.Web.Compilation.BuildManager.GetVPathBuildResultWithNoAssert(HttpContext context, VirtualPath virtualPath, Boolean noBuild, Boolean allowCrossApp, Boolean allowBuildInPrecompile, Boolean throwIfNotFound, Boolean ensureIsUpToDate)
   at System.Web.Compilation.BuildManager.GetVPathBuildResult(HttpContext context, VirtualPath virtualPath, Boolean noBuild, Boolean allowCrossApp, Boolean allowBuildInPrecompile, Boolean ensureIsUpToDate)
   at System.Web.Compilation.BuildManager.GetCompiledAssembly(String virtualPath)
   at Orchard.Environment.DefaultBuildManager.GetCompiledAssembly(String virtualPath) in C:\Projects\HotTravel\src\Orchard\Environment\IBuildManager.cs:line 53
2016-07-07 09:48:54,940 [13] Orchard.Environment.DefaultBuildManager - Default - WARN Error when compiling assembly under ~/Modules/Orchard.ImageGallery/lib/ICSharpCode.SharpZipLib.dll.
System.Web.HttpException (0x80004005): There is no build provider registered for the extension '.dll'. You can register one in the <compilation><buildProviders> section in machine.config or web.config. Make sure is has a BuildProviderAppliesToAttribute attribute which includes the value 'Web' or 'All'.
   at System.Web.Compilation.CompilationUtil.GetBuildProviderTypeFromExtension(CompilationSection config, String extension, BuildProviderAppliesTo neededFor, Boolean failIfUnknown)
   at System.Web.Compilation.BuildManager.CreateBuildProvider(VirtualPath virtualPath, BuildProviderAppliesTo neededFor, CompilationSection compConfig, ICollection referencedAssemblies, Boolean failIfUnknown)
   at System.Web.Compilation.BuildManager.CompileWebFile(VirtualPath virtualPath)
   at System.Web.Compilation.BuildManager.GetVPathBuildResultInternal(VirtualPath virtualPath, Boolean noBuild, Boolean allowCrossApp, Boolean allowBuildInPrecompile, Boolean throwIfNotFound, Boolean ensureIsUpToDate)
   at System.Web.Compilation.BuildManager.GetVPathBuildResultWithNoAssert(HttpContext context, VirtualPath virtualPath, Boolean noBuild, Boolean allowCrossApp, Boolean allowBuildInPrecompile, Boolean throwIfNotFound, Boolean ensureIsUpToDate)
   at System.Web.Compilation.BuildManager.GetVPathBuildResult(HttpContext context, VirtualPath virtualPath, Boolean noBuild, Boolean allowCrossApp, Boolean allowBuildInPrecompile, Boolean ensureIsUpToDate)
   at System.Web.Compilation.BuildManager.GetCompiledAssembly(String virtualPath)
   at Orchard.Environment.DefaultBuildManager.GetCompiledAssembly(String virtualPath) in C:\Projects\HotTravel\src\Orchard\Environment\IBuildManager.cs:line 53
2016-07-07 09:48:54,947 [13] Orchard.Environment.DefaultBuildManager - Default - WARN Error when compiling assembly under ~/Modules/Orchard.ImageGallery/bin/Ionic.Zip.dll.
System.Web.HttpException (0x80004005): There is no build provider registered for the extension '.dll'. You can register one in the <compilation><buildProviders> section in machine.config or web.config. Make sure is has a BuildProviderAppliesToAttribute attribute which includes the value 'Web' or 'All'.
   at System.Web.Compilation.CompilationUtil.GetBuildProviderTypeFromExtension(CompilationSection config, String extension, BuildProviderAppliesTo neededFor, Boolean failIfUnknown)
   at System.Web.Compilation.BuildManager.CreateBuildProvider(VirtualPath virtualPath, BuildProviderAppliesTo neededFor, CompilationSection compConfig, ICollection referencedAssemblies, Boolean failIfUnknown)
   at System.Web.Compilation.BuildManager.CompileWebFile(VirtualPath virtualPath)
   at System.Web.Compilation.BuildManager.GetVPathBuildResultInternal(VirtualPath virtualPath, Boolean noBuild, Boolean allowCrossApp, Boolean allowBuildInPrecompile, Boolean throwIfNotFound, Boolean ensureIsUpToDate)
   at System.Web.Compilation.BuildManager.GetVPathBuildResultWithNoAssert(HttpContext context, VirtualPath virtualPath, Boolean noBuild, Boolean allowCrossApp, Boolean allowBuildInPrecompile, Boolean throwIfNotFound, Boolean ensureIsUpToDate)
   at System.Web.Compilation.BuildManager.GetVPathBuildResult(HttpContext context, VirtualPath virtualPath, Boolean noBuild, Boolean allowCrossApp, Boolean allowBuildInPrecompile, Boolean ensureIsUpToDate)
   at System.Web.Compilation.BuildManager.GetCompiledAssembly(String virtualPath)
   at Orchard.Environment.DefaultBuildManager.GetCompiledAssembly(String virtualPath) in C:\Projects\HotTravel\src\Orchard\Environment\IBuildManager.cs:line 53
