2016-04-19 09:18:42,347 [11] Orchard.Recipes.Services.RecipeManager - Default - INFO Executing recipe 'Default'.
2016-04-19 09:18:42,426 [11] Orchard.Recipes.Services.RecipeStepQueue - Default - INFO Enqueuing recipe step 'Feature'.
2016-04-19 09:18:42,441 [11] Orchard.Recipes.Services.RecipeStepQueue - Default - INFO Enqueuing recipe step 'ContentDefinition'.
2016-04-19 09:18:42,455 [11] Orchard.Recipes.Services.RecipeStepQueue - Default - INFO Enqueuing recipe step 'Settings'.
2016-04-19 09:18:42,467 [11] Orchard.Recipes.Services.RecipeStepQueue - Default - INFO Enqueuing recipe step 'Migration'.
2016-04-19 09:18:42,503 [11] Orchard.Recipes.Services.RecipeStepQueue - Default - INFO Enqueuing recipe step 'Command'.
2016-04-19 09:18:42,523 [11] Orchard.Recipes.Services.RecipeStepQueue - Default - INFO Enqueuing recipe step 'ActivateShell'.
2016-04-19 09:18:42,967 [11] Orchard.Recipes.Services.RecipeStepQueue - Default - INFO Dequeuing recipe steps.
2016-04-19 09:18:42,975 [11] Orchard.Recipes.Services.RecipeStepQueue - Default - INFO Dequeuing recipe step 'Feature'.
2016-04-19 09:18:42,982 [11] Orchard.Recipes.Services.RecipeStepExecutor - Default - INFO Executing recipe step 'Feature'.
2016-04-19 09:18:42,991 [11] Orchard.Recipes.Providers.RecipeHandlers.RecipeExecutionStepHandler - Default - INFO Executing recipe step 'Feature'.
2016-04-19 09:18:43,001 [11] Orchard.Recipes.Services.RecipeExecutionLogger - Default - INFO FeatureStep: Enabling features: Orchard.Blogs;Orchard.Comments;Orchard.Tags;Orchard.Alias;Orchard.Autoroute;TinyMce;Orchard.MediaLibrary;Orchard.ContentPicker;Orchard.PublishLater;Orchard.Resources;Orchard.Widgets;Orchard.ContentTypes;Orchard.Scripting;Orchard.Scripting.Lightweight;PackagingServices;Orchard.Packaging;Orchard.Projections;Orchard.Fields;Orchard.OutputCache;Orchard.Taxonomies;Orchard.Workflows;Orchard.Layouts;Orchard.Layouts.Tokens;TheThemeMachine
2016-04-19 09:18:43,232 [11] Orchard.Recipes.Providers.RecipeHandlers.RecipeExecutionStepHandler - Default - INFO Finished executing recipe step 'Feature'.
2016-04-19 09:18:43,262 [11] Orchard.Recipes.Services.RecipeScheduler - Default - INFO Scheduling next step of recipe.
2016-04-19 09:18:49,700 [11] Orchard.Recipes.Services.RecipeStepQueue - Default - INFO Dequeuing recipe steps.
2016-04-19 09:18:49,707 [11] Orchard.Recipes.Services.RecipeStepQueue - Default - INFO Dequeuing recipe step 'ContentDefinition'.
2016-04-19 09:18:49,715 [11] Orchard.Recipes.Services.RecipeStepExecutor - Default - INFO Executing recipe step 'ContentDefinition'.
2016-04-19 09:18:49,722 [11] Orchard.Recipes.Providers.RecipeHandlers.RecipeExecutionStepHandler - Default - INFO Executing recipe step 'ContentDefinition'.
2016-04-19 09:18:49,731 [11] Orchard.Recipes.Services.RecipeExecutionLogger - Default - INFO ContentDefinitionStep: Importing content type 'Page'.
2016-04-19 09:18:49,950 [11] Orchard.Recipes.Services.RecipeExecutionLogger - Default - INFO ContentDefinitionStep: Importing content type 'BlogPost'.
2016-04-19 09:18:49,985 [11] Orchard.Recipes.Services.RecipeExecutionLogger - Default - INFO ContentDefinitionStep: Importing content part 'BodyPart'.
2016-04-19 09:18:50,003 [11] Orchard.Recipes.Providers.RecipeHandlers.RecipeExecutionStepHandler - Default - INFO Finished executing recipe step 'ContentDefinition'.
2016-04-19 09:18:50,018 [11] Orchard.Recipes.Services.RecipeScheduler - Default - INFO Scheduling next step of recipe.
2016-04-19 09:18:50,276 [11] Orchard.Recipes.Services.RecipeStepQueue - Default - INFO Dequeuing recipe steps.
2016-04-19 09:18:50,283 [11] Orchard.Recipes.Services.RecipeStepQueue - Default - INFO Dequeuing recipe step 'Settings'.
2016-04-19 09:18:50,289 [11] Orchard.Recipes.Services.RecipeStepExecutor - Default - INFO Executing recipe step 'Settings'.
2016-04-19 09:18:50,298 [11] Orchard.Recipes.Providers.RecipeHandlers.RecipeExecutionStepHandler - Default - INFO Executing recipe step 'Settings'.
2016-04-19 09:18:50,515 [11] Orchard.Recipes.Providers.RecipeHandlers.RecipeExecutionStepHandler - Default - INFO Finished executing recipe step 'Settings'.
2016-04-19 09:18:50,530 [11] Orchard.Recipes.Services.RecipeScheduler - Default - INFO Scheduling next step of recipe.
2016-04-19 09:18:50,734 [11] Orchard.Recipes.Services.RecipeStepQueue - Default - INFO Dequeuing recipe steps.
2016-04-19 09:18:50,742 [11] Orchard.Recipes.Services.RecipeStepQueue - Default - INFO Dequeuing recipe step 'Migration'.
2016-04-19 09:18:50,750 [11] Orchard.Recipes.Services.RecipeStepExecutor - Default - INFO Executing recipe step 'Migration'.
2016-04-19 09:18:50,757 [11] Orchard.Recipes.Providers.RecipeHandlers.RecipeExecutionStepHandler - Default - INFO Executing recipe step 'Migration'.
2016-04-19 09:18:50,890 [11] Orchard.Recipes.Providers.RecipeHandlers.RecipeExecutionStepHandler - Default - INFO Finished executing recipe step 'Migration'.
2016-04-19 09:18:50,904 [11] Orchard.Recipes.Services.RecipeScheduler - Default - INFO Scheduling next step of recipe.
2016-04-19 09:18:51,153 [11] Orchard.Recipes.Services.RecipeStepQueue - Default - INFO Dequeuing recipe steps.
2016-04-19 09:18:51,161 [11] Orchard.Recipes.Services.RecipeStepQueue - Default - INFO Dequeuing recipe step 'Command'.
2016-04-19 09:18:51,168 [11] Orchard.Recipes.Services.RecipeStepExecutor - Default - INFO Executing recipe step 'Command'.
2016-04-19 09:18:51,175 [11] Orchard.Recipes.Providers.RecipeHandlers.RecipeExecutionStepHandler - Default - INFO Executing recipe step 'Command'.
2016-04-19 09:18:51,183 [11] Orchard.Recipes.Services.RecipeExecutionLogger - Default - INFO CommandStep: Executing command: layer create Default /LayerRule:"true" /Description:"The widgets in this layer are displayed on all pages"
2016-04-19 09:18:51,485 [11] Orchard.Recipes.Services.RecipeExecutionLogger - Default - INFO CommandStep: Executing command: layer create Authenticated /LayerRule:"authenticated" /Description:"The widgets in this layer are displayed when the user is authenticated"
2016-04-19 09:18:51,519 [11] Orchard.Recipes.Services.RecipeExecutionLogger - Default - INFO CommandStep: Executing command: layer create Anonymous /LayerRule:"not authenticated" /Description:"The widgets in this layer are displayed when the user is anonymous"
2016-04-19 09:18:51,555 [11] Orchard.Recipes.Services.RecipeExecutionLogger - Default - INFO CommandStep: Executing command: layer create Disabled /LayerRule:"false" /Description:"The widgets in this layer are never displayed"
2016-04-19 09:18:51,588 [11] Orchard.Recipes.Services.RecipeExecutionLogger - Default - INFO CommandStep: Executing command: layer create TheHomepage /LayerRule:"url '~/'" /Description:"The widgets in this layer are displayed on the home page"
2016-04-19 09:18:51,622 [11] Orchard.Recipes.Services.RecipeExecutionLogger - Default - INFO CommandStep: Executing command: site setting set baseurl
2016-04-19 09:18:51,636 [11] Orchard.Recipes.Services.RecipeExecutionLogger - Default - INFO CommandStep: Executing command: menu create /MenuName:"Main Menu"
2016-04-19 09:18:51,670 [11] Orchard.Recipes.Services.RecipeExecutionLogger - Default - INFO CommandStep: Executing command: page create /Slug:"welcome-to-orchard" /Title:"Welcome to Orchard!" /Path:"welcome-to-orchard" /Homepage:true /Publish:true /UseWelcomeText:true
2016-04-19 09:18:52,195 [11] Orchard.Recipes.Services.RecipeExecutionLogger - Default - INFO CommandStep: Executing command: menuitem create /MenuPosition:"0" /MenuText:"Home" /Url:"~/" /MenuName:"Main Menu"
2016-04-19 09:18:52,249 [11] Orchard.Recipes.Services.RecipeExecutionLogger - Default - INFO CommandStep: Executing command: widget create MenuWidget /Title:"Main Menu" /RenderTitle:false /Zone:"Navigation" /Position:"1" /Layer:"Default" /Identity:"MenuWidget1" /MenuName:"Main Menu"
2016-04-19 09:18:52,324 [11] Orchard.Recipes.Services.RecipeExecutionLogger - Default - INFO CommandStep: Executing command: theme activate "The Theme Machine"
2016-04-19 09:18:52,336 [11] Orchard.Recipes.Providers.RecipeHandlers.RecipeExecutionStepHandler - Default - INFO Finished executing recipe step 'Command'.
2016-04-19 09:18:52,353 [11] Orchard.Recipes.Services.RecipeScheduler - Default - INFO Scheduling next step of recipe.
2016-04-19 09:18:52,657 [11] Orchard.Recipes.Services.RecipeStepQueue - Default - INFO Dequeuing recipe steps.
2016-04-19 09:18:52,665 [11] Orchard.Recipes.Services.RecipeStepQueue - Default - INFO Dequeuing recipe step 'ActivateShell'.
2016-04-19 09:18:52,672 [11] Orchard.Recipes.Services.RecipeStepExecutor - Default - INFO Executing recipe step 'ActivateShell'.
2016-04-19 09:18:52,681 [11] Orchard.Recipes.Providers.RecipeHandlers.RecipeExecutionStepHandler - Default - INFO Executing recipe step 'ActivateShell'.
2016-04-19 09:18:52,692 [11] Orchard.Recipes.Providers.RecipeHandlers.RecipeExecutionStepHandler - Default - INFO Finished executing recipe step 'ActivateShell'.
2016-04-19 09:18:52,878 [11] Orchard.Recipes.Services.RecipeScheduler - Default - INFO Scheduling next step of recipe.
2016-04-19 09:18:53,079 [11] Orchard.Recipes.Services.RecipeStepQueue - Default - INFO Dequeuing recipe steps.
2016-04-19 09:18:53,088 [11] Orchard.Recipes.Services.RecipeStepExecutor - Default - INFO No more recipe steps left to execute.
2016-04-19 09:18:53,098 [11] Orchard.Recipes.Services.RecipeScheduler - Default - INFO All recipe steps executed; restarting shell.
