2016-04-19 09:18:42,347 Orchard.Recipes.Services.RecipeManager - Default - INFO Executing recipe 'Default'. [ExecutionId=5fd1f5107b414ac3b2a5dffd626112c9]
2016-04-19 09:18:42,426 Orchard.Recipes.Services.RecipeStepQueue - Default - INFO Enqueuing recipe step 'Feature'. [ExecutionId=5fd1f5107b414ac3b2a5dffd626112c9]
2016-04-19 09:18:42,441 Orchard.Recipes.Services.RecipeStepQueue - Default - INFO Enqueuing recipe step 'ContentDefinition'. [ExecutionId=5fd1f5107b414ac3b2a5dffd626112c9]
2016-04-19 09:18:42,455 Orchard.Recipes.Services.RecipeStepQueue - Default - INFO Enqueuing recipe step 'Settings'. [ExecutionId=5fd1f5107b414ac3b2a5dffd626112c9]
2016-04-19 09:18:42,467 Orchard.Recipes.Services.RecipeStepQueue - Default - INFO Enqueuing recipe step 'Migration'. [ExecutionId=5fd1f5107b414ac3b2a5dffd626112c9]
2016-04-19 09:18:42,503 Orchard.Recipes.Services.RecipeStepQueue - Default - INFO Enqueuing recipe step 'Command'. [ExecutionId=5fd1f5107b414ac3b2a5dffd626112c9]
2016-04-19 09:18:42,523 Orchard.Recipes.Services.RecipeStepQueue - Default - INFO Enqueuing recipe step 'ActivateShell'. [ExecutionId=(null)]
2016-04-19 09:18:42,967 Orchard.Recipes.Services.RecipeStepQueue - Default - INFO Dequeuing recipe steps. [ExecutionId=5fd1f5107b414ac3b2a5dffd626112c9]
2016-04-19 09:18:42,975 Orchard.Recipes.Services.RecipeStepQueue - Default - INFO Dequeuing recipe step 'Feature'. [ExecutionId=5fd1f5107b414ac3b2a5dffd626112c9]
2016-04-19 09:18:42,982 Orchard.Recipes.Services.RecipeStepExecutor - Default - INFO Executing recipe step 'Feature'. [ExecutionId=5fd1f5107b414ac3b2a5dffd626112c9]
2016-04-19 09:18:42,991 Orchard.Recipes.Providers.RecipeHandlers.RecipeExecutionStepHandler - Default - INFO Executing recipe step 'Feature'. [ExecutionId=5fd1f5107b414ac3b2a5dffd626112c9]
2016-04-19 09:18:43,001 Orchard.Recipes.Services.RecipeExecutionLogger - Default - INFO FeatureStep: Enabling features: Orchard.Blogs;Orchard.Comments;Orchard.Tags;Orchard.Alias;Orchard.Autoroute;TinyMce;Orchard.MediaLibrary;Orchard.ContentPicker;Orchard.PublishLater;Orchard.Resources;Orchard.Widgets;Orchard.ContentTypes;Orchard.Scripting;Orchard.Scripting.Lightweight;PackagingServices;Orchard.Packaging;Orchard.Projections;Orchard.Fields;Orchard.OutputCache;Orchard.Taxonomies;Orchard.Workflows;Orchard.Layouts;Orchard.Layouts.Tokens;TheThemeMachine [ExecutionId=5fd1f5107b414ac3b2a5dffd626112c9]
2016-04-19 09:18:43,232 Orchard.Recipes.Providers.RecipeHandlers.RecipeExecutionStepHandler - Default - INFO Finished executing recipe step 'Feature'. [ExecutionId=5fd1f5107b414ac3b2a5dffd626112c9]
2016-04-19 09:18:43,262 Orchard.Recipes.Services.RecipeScheduler - Default - INFO Scheduling next step of recipe. [ExecutionId=5fd1f5107b414ac3b2a5dffd626112c9]
2016-04-19 09:18:49,700 Orchard.Recipes.Services.RecipeStepQueue - Default - INFO Dequeuing recipe steps. [ExecutionId=5fd1f5107b414ac3b2a5dffd626112c9]
2016-04-19 09:18:49,707 Orchard.Recipes.Services.RecipeStepQueue - Default - INFO Dequeuing recipe step 'ContentDefinition'. [ExecutionId=5fd1f5107b414ac3b2a5dffd626112c9]
2016-04-19 09:18:49,715 Orchard.Recipes.Services.RecipeStepExecutor - Default - INFO Executing recipe step 'ContentDefinition'. [ExecutionId=5fd1f5107b414ac3b2a5dffd626112c9]
2016-04-19 09:18:49,722 Orchard.Recipes.Providers.RecipeHandlers.RecipeExecutionStepHandler - Default - INFO Executing recipe step 'ContentDefinition'. [ExecutionId=5fd1f5107b414ac3b2a5dffd626112c9]
2016-04-19 09:18:49,731 Orchard.Recipes.Services.RecipeExecutionLogger - Default - INFO ContentDefinitionStep: Importing content type 'Page'. [ExecutionId=5fd1f5107b414ac3b2a5dffd626112c9]
2016-04-19 09:18:49,950 Orchard.Recipes.Services.RecipeExecutionLogger - Default - INFO ContentDefinitionStep: Importing content type 'BlogPost'. [ExecutionId=5fd1f5107b414ac3b2a5dffd626112c9]
2016-04-19 09:18:49,985 Orchard.Recipes.Services.RecipeExecutionLogger - Default - INFO ContentDefinitionStep: Importing content part 'BodyPart'. [ExecutionId=5fd1f5107b414ac3b2a5dffd626112c9]
2016-04-19 09:18:50,003 Orchard.Recipes.Providers.RecipeHandlers.RecipeExecutionStepHandler - Default - INFO Finished executing recipe step 'ContentDefinition'. [ExecutionId=5fd1f5107b414ac3b2a5dffd626112c9]
2016-04-19 09:18:50,018 Orchard.Recipes.Services.RecipeScheduler - Default - INFO Scheduling next step of recipe. [ExecutionId=5fd1f5107b414ac3b2a5dffd626112c9]
2016-04-19 09:18:50,276 Orchard.Recipes.Services.RecipeStepQueue - Default - INFO Dequeuing recipe steps. [ExecutionId=5fd1f5107b414ac3b2a5dffd626112c9]
2016-04-19 09:18:50,283 Orchard.Recipes.Services.RecipeStepQueue - Default - INFO Dequeuing recipe step 'Settings'. [ExecutionId=5fd1f5107b414ac3b2a5dffd626112c9]
2016-04-19 09:18:50,289 Orchard.Recipes.Services.RecipeStepExecutor - Default - INFO Executing recipe step 'Settings'. [ExecutionId=5fd1f5107b414ac3b2a5dffd626112c9]
2016-04-19 09:18:50,298 Orchard.Recipes.Providers.RecipeHandlers.RecipeExecutionStepHandler - Default - INFO Executing recipe step 'Settings'. [ExecutionId=5fd1f5107b414ac3b2a5dffd626112c9]
2016-04-19 09:18:50,515 Orchard.Recipes.Providers.RecipeHandlers.RecipeExecutionStepHandler - Default - INFO Finished executing recipe step 'Settings'. [ExecutionId=5fd1f5107b414ac3b2a5dffd626112c9]
2016-04-19 09:18:50,530 Orchard.Recipes.Services.RecipeScheduler - Default - INFO Scheduling next step of recipe. [ExecutionId=5fd1f5107b414ac3b2a5dffd626112c9]
2016-04-19 09:18:50,734 Orchard.Recipes.Services.RecipeStepQueue - Default - INFO Dequeuing recipe steps. [ExecutionId=5fd1f5107b414ac3b2a5dffd626112c9]
2016-04-19 09:18:50,742 Orchard.Recipes.Services.RecipeStepQueue - Default - INFO Dequeuing recipe step 'Migration'. [ExecutionId=5fd1f5107b414ac3b2a5dffd626112c9]
2016-04-19 09:18:50,750 Orchard.Recipes.Services.RecipeStepExecutor - Default - INFO Executing recipe step 'Migration'. [ExecutionId=5fd1f5107b414ac3b2a5dffd626112c9]
2016-04-19 09:18:50,757 Orchard.Recipes.Providers.RecipeHandlers.RecipeExecutionStepHandler - Default - INFO Executing recipe step 'Migration'. [ExecutionId=5fd1f5107b414ac3b2a5dffd626112c9]
2016-04-19 09:18:50,890 Orchard.Recipes.Providers.RecipeHandlers.RecipeExecutionStepHandler - Default - INFO Finished executing recipe step 'Migration'. [ExecutionId=5fd1f5107b414ac3b2a5dffd626112c9]
2016-04-19 09:18:50,904 Orchard.Recipes.Services.RecipeScheduler - Default - INFO Scheduling next step of recipe. [ExecutionId=5fd1f5107b414ac3b2a5dffd626112c9]
2016-04-19 09:18:51,153 Orchard.Recipes.Services.RecipeStepQueue - Default - INFO Dequeuing recipe steps. [ExecutionId=5fd1f5107b414ac3b2a5dffd626112c9]
2016-04-19 09:18:51,161 Orchard.Recipes.Services.RecipeStepQueue - Default - INFO Dequeuing recipe step 'Command'. [ExecutionId=5fd1f5107b414ac3b2a5dffd626112c9]
2016-04-19 09:18:51,168 Orchard.Recipes.Services.RecipeStepExecutor - Default - INFO Executing recipe step 'Command'. [ExecutionId=5fd1f5107b414ac3b2a5dffd626112c9]
2016-04-19 09:18:51,175 Orchard.Recipes.Providers.RecipeHandlers.RecipeExecutionStepHandler - Default - INFO Executing recipe step 'Command'. [ExecutionId=5fd1f5107b414ac3b2a5dffd626112c9]
2016-04-19 09:18:51,183 Orchard.Recipes.Services.RecipeExecutionLogger - Default - INFO CommandStep: Executing command: layer create Default /LayerRule:"true" /Description:"The widgets in this layer are displayed on all pages" [ExecutionId=5fd1f5107b414ac3b2a5dffd626112c9]
2016-04-19 09:18:51,485 Orchard.Recipes.Services.RecipeExecutionLogger - Default - INFO CommandStep: Executing command: layer create Authenticated /LayerRule:"authenticated" /Description:"The widgets in this layer are displayed when the user is authenticated" [ExecutionId=5fd1f5107b414ac3b2a5dffd626112c9]
2016-04-19 09:18:51,519 Orchard.Recipes.Services.RecipeExecutionLogger - Default - INFO CommandStep: Executing command: layer create Anonymous /LayerRule:"not authenticated" /Description:"The widgets in this layer are displayed when the user is anonymous" [ExecutionId=5fd1f5107b414ac3b2a5dffd626112c9]
2016-04-19 09:18:51,555 Orchard.Recipes.Services.RecipeExecutionLogger - Default - INFO CommandStep: Executing command: layer create Disabled /LayerRule:"false" /Description:"The widgets in this layer are never displayed" [ExecutionId=5fd1f5107b414ac3b2a5dffd626112c9]
2016-04-19 09:18:51,588 Orchard.Recipes.Services.RecipeExecutionLogger - Default - INFO CommandStep: Executing command: layer create TheHomepage /LayerRule:"url '~/'" /Description:"The widgets in this layer are displayed on the home page" [ExecutionId=5fd1f5107b414ac3b2a5dffd626112c9]
2016-04-19 09:18:51,622 Orchard.Recipes.Services.RecipeExecutionLogger - Default - INFO CommandStep: Executing command: site setting set baseurl [ExecutionId=5fd1f5107b414ac3b2a5dffd626112c9]
2016-04-19 09:18:51,636 Orchard.Recipes.Services.RecipeExecutionLogger - Default - INFO CommandStep: Executing command: menu create /MenuName:"Main Menu" [ExecutionId=5fd1f5107b414ac3b2a5dffd626112c9]
2016-04-19 09:18:51,670 Orchard.Recipes.Services.RecipeExecutionLogger - Default - INFO CommandStep: Executing command: page create /Slug:"welcome-to-orchard" /Title:"Welcome to Orchard!" /Path:"welcome-to-orchard" /Homepage:true /Publish:true /UseWelcomeText:true [ExecutionId=5fd1f5107b414ac3b2a5dffd626112c9]
2016-04-19 09:18:52,195 Orchard.Recipes.Services.RecipeExecutionLogger - Default - INFO CommandStep: Executing command: menuitem create /MenuPosition:"0" /MenuText:"Home" /Url:"~/" /MenuName:"Main Menu" [ExecutionId=5fd1f5107b414ac3b2a5dffd626112c9]
2016-04-19 09:18:52,249 Orchard.Recipes.Services.RecipeExecutionLogger - Default - INFO CommandStep: Executing command: widget create MenuWidget /Title:"Main Menu" /RenderTitle:false /Zone:"Navigation" /Position:"1" /Layer:"Default" /Identity:"MenuWidget1" /MenuName:"Main Menu" [ExecutionId=5fd1f5107b414ac3b2a5dffd626112c9]
2016-04-19 09:18:52,324 Orchard.Recipes.Services.RecipeExecutionLogger - Default - INFO CommandStep: Executing command: theme activate "The Theme Machine" [ExecutionId=5fd1f5107b414ac3b2a5dffd626112c9]
2016-04-19 09:18:52,336 Orchard.Recipes.Providers.RecipeHandlers.RecipeExecutionStepHandler - Default - INFO Finished executing recipe step 'Command'. [ExecutionId=5fd1f5107b414ac3b2a5dffd626112c9]
2016-04-19 09:18:52,353 Orchard.Recipes.Services.RecipeScheduler - Default - INFO Scheduling next step of recipe. [ExecutionId=5fd1f5107b414ac3b2a5dffd626112c9]
2016-04-19 09:18:52,657 Orchard.Recipes.Services.RecipeStepQueue - Default - INFO Dequeuing recipe steps. [ExecutionId=5fd1f5107b414ac3b2a5dffd626112c9]
2016-04-19 09:18:52,665 Orchard.Recipes.Services.RecipeStepQueue - Default - INFO Dequeuing recipe step 'ActivateShell'. [ExecutionId=5fd1f5107b414ac3b2a5dffd626112c9]
2016-04-19 09:18:52,672 Orchard.Recipes.Services.RecipeStepExecutor - Default - INFO Executing recipe step 'ActivateShell'. [ExecutionId=5fd1f5107b414ac3b2a5dffd626112c9]
2016-04-19 09:18:52,681 Orchard.Recipes.Providers.RecipeHandlers.RecipeExecutionStepHandler - Default - INFO Executing recipe step 'ActivateShell'. [ExecutionId=5fd1f5107b414ac3b2a5dffd626112c9]
2016-04-19 09:18:52,692 Orchard.Recipes.Providers.RecipeHandlers.RecipeExecutionStepHandler - Default - INFO Finished executing recipe step 'ActivateShell'. [ExecutionId=5fd1f5107b414ac3b2a5dffd626112c9]
2016-04-19 09:18:52,878 Orchard.Recipes.Services.RecipeScheduler - Default - INFO Scheduling next step of recipe. [ExecutionId=5fd1f5107b414ac3b2a5dffd626112c9]
2016-04-19 09:18:53,079 Orchard.Recipes.Services.RecipeStepQueue - Default - INFO Dequeuing recipe steps. [ExecutionId=5fd1f5107b414ac3b2a5dffd626112c9]
2016-04-19 09:18:53,088 Orchard.Recipes.Services.RecipeStepExecutor - Default - INFO No more recipe steps left to execute. [ExecutionId=5fd1f5107b414ac3b2a5dffd626112c9]
2016-04-19 09:18:53,098 Orchard.Recipes.Services.RecipeScheduler - Default - INFO All recipe steps executed; restarting shell. [ExecutionId=5fd1f5107b414ac3b2a5dffd626112c9]
